{"total": {"lines":{"total":2515,"covered":115,"skipped":0,"pct":4.57},"statements":{"total":2630,"covered":117,"skipped":0,"pct":4.44},"functions":{"total":818,"covered":0,"skipped":0,"pct":0},"branches":{"total":2046,"covered":0,"skipped":0,"pct":0},"branchesTrue":{"total":0,"covered":0,"skipped":0,"pct":100}}
,"/Users/206047820@BWT3.COM/Documents/Code/JMSK-Frontend/src/App.tsx": {"lines":{"total":29,"covered":21,"skipped":0,"pct":72.41},"functions":{"total":3,"covered":0,"skipped":0,"pct":0},"statements":{"total":30,"covered":21,"skipped":0,"pct":70},"branches":{"total":2,"covered":0,"skipped":0,"pct":0}}
,"/Users/206047820@BWT3.COM/Documents/Code/JMSK-Frontend/src/config.ts": {"lines":{"total":1,"covered":0,"skipped":0,"pct":0},"functions":{"total":0,"covered":0,"skipped":0,"pct":100},"statements":{"total":1,"covered":0,"skipped":0,"pct":0},"branches":{"total":2,"covered":0,"skipped":0,"pct":0}}
,"/Users/206047820@BWT3.COM/Documents/Code/JMSK-Frontend/src/components/AddressFormModal.tsx": {"lines":{"total":48,"covered":2,"skipped":0,"pct":4.16},"functions":{"total":13,"covered":0,"skipped":0,"pct":0},"statements":{"total":50,"covered":2,"skipped":0,"pct":4},"branches":{"total":58,"covered":0,"skipped":0,"pct":0}}
,"/Users/206047820@BWT3.COM/Documents/Code/JMSK-Frontend/src/components/AddressList.tsx": {"lines":{"total":54,"covered":9,"skipped":0,"pct":16.66},"functions":{"total":16,"covered":0,"skipped":0,"pct":0},"statements":{"total":54,"covered":9,"skipped":0,"pct":16.66},"branches":{"total":20,"covered":0,"skipped":0,"pct":0}}
,"/Users/206047820@BWT3.COM/Documents/Code/JMSK-Frontend/src/components/BalanceCard.tsx": {"lines":{"total":2,"covered":0,"skipped":0,"pct":0},"functions":{"total":1,"covered":0,"skipped":0,"pct":0},"statements":{"total":2,"covered":0,"skipped":0,"pct":0},"branches":{"total":0,"covered":0,"skipped":0,"pct":100}}
,"/Users/206047820@BWT3.COM/Documents/Code/JMSK-Frontend/src/components/Breadcrumbs.tsx": {"lines":{"total":23,"covered":0,"skipped":0,"pct":0},"functions":{"total":4,"covered":0,"skipped":0,"pct":0},"statements":{"total":23,"covered":0,"skipped":0,"pct":0},"branches":{"total":16,"covered":0,"skipped":0,"pct":0}}
,"/Users/206047820@BWT3.COM/Documents/Code/JMSK-Frontend/src/components/CompanyFormModal.tsx": {"lines":{"total":37,"covered":2,"skipped":0,"pct":5.4},"functions":{"total":10,"covered":0,"skipped":0,"pct":0},"statements":{"total":39,"covered":2,"skipped":0,"pct":5.12},"branches":{"total":46,"covered":0,"skipped":0,"pct":0}}
,"/Users/206047820@BWT3.COM/Documents/Code/JMSK-Frontend/src/components/ContactFormModal.tsx": {"lines":{"total":45,"covered":4,"skipped":0,"pct":8.88},"functions":{"total":13,"covered":0,"skipped":0,"pct":0},"statements":{"total":47,"covered":4,"skipped":0,"pct":8.51},"branches":{"total":54,"covered":0,"skipped":0,"pct":0}}
,"/Users/206047820@BWT3.COM/Documents/Code/JMSK-Frontend/src/components/CustomerFormModal.tsx": {"lines":{"total":45,"covered":0,"skipped":0,"pct":0},"functions":{"total":13,"covered":0,"skipped":0,"pct":0},"statements":{"total":47,"covered":0,"skipped":0,"pct":0},"branches":{"total":44,"covered":0,"skipped":0,"pct":0}}
,"/Users/206047820@BWT3.COM/Documents/Code/JMSK-Frontend/src/components/CustomerSelector.tsx": {"lines":{"total":24,"covered":0,"skipped":0,"pct":0},"functions":{"total":9,"covered":0,"skipped":0,"pct":0},"statements":{"total":25,"covered":0,"skipped":0,"pct":0},"branches":{"total":12,"covered":0,"skipped":0,"pct":0}}
,"/Users/206047820@BWT3.COM/Documents/Code/JMSK-Frontend/src/components/DeleteConfirmationModal.tsx": {"lines":{"total":10,"covered":2,"skipped":0,"pct":20},"functions":{"total":4,"covered":0,"skipped":0,"pct":0},"statements":{"total":12,"covered":2,"skipped":0,"pct":16.66},"branches":{"total":14,"covered":0,"skipped":0,"pct":0}}
,"/Users/206047820@BWT3.COM/Documents/Code/JMSK-Frontend/src/components/Header.tsx": {"lines":{"total":33,"covered":0,"skipped":0,"pct":0},"functions":{"total":10,"covered":0,"skipped":0,"pct":0},"statements":{"total":34,"covered":0,"skipped":0,"pct":0},"branches":{"total":22,"covered":0,"skipped":0,"pct":0}}
,"/Users/206047820@BWT3.COM/Documents/Code/JMSK-Frontend/src/components/Layout.tsx": {"lines":{"total":13,"covered":0,"skipped":0,"pct":0},"functions":{"total":4,"covered":0,"skipped":0,"pct":0},"statements":{"total":13,"covered":0,"skipped":0,"pct":0},"branches":{"total":14,"covered":0,"skipped":0,"pct":0}}
,"/Users/206047820@BWT3.COM/Documents/Code/JMSK-Frontend/src/components/ManufacturingFormModal.tsx": {"lines":{"total":105,"covered":0,"skipped":0,"pct":0},"functions":{"total":37,"covered":0,"skipped":0,"pct":0},"statements":{"total":107,"covered":0,"skipped":0,"pct":0},"branches":{"total":179,"covered":0,"skipped":0,"pct":0}}
,"/Users/206047820@BWT3.COM/Documents/Code/JMSK-Frontend/src/components/Navigation.tsx": {"lines":{"total":22,"covered":0,"skipped":0,"pct":0},"functions":{"total":5,"covered":0,"skipped":0,"pct":0},"statements":{"total":22,"covered":0,"skipped":0,"pct":0},"branches":{"total":46,"covered":0,"skipped":0,"pct":0}}
,"/Users/206047820@BWT3.COM/Documents/Code/JMSK-Frontend/src/components/OrderFormModal.tsx": {"lines":{"total":54,"covered":0,"skipped":0,"pct":0},"functions":{"total":22,"covered":0,"skipped":0,"pct":0},"statements":{"total":56,"covered":0,"skipped":0,"pct":0},"branches":{"total":86,"covered":0,"skipped":0,"pct":0}}
,"/Users/206047820@BWT3.COM/Documents/Code/JMSK-Frontend/src/components/OrderTimeline.tsx": {"lines":{"total":16,"covered":0,"skipped":0,"pct":0},"functions":{"total":4,"covered":0,"skipped":0,"pct":0},"statements":{"total":16,"covered":0,"skipped":0,"pct":0},"branches":{"total":17,"covered":0,"skipped":0,"pct":0}}
,"/Users/206047820@BWT3.COM/Documents/Code/JMSK-Frontend/src/components/PermissionSelector.tsx": {"lines":{"total":43,"covered":0,"skipped":0,"pct":0},"functions":{"total":20,"covered":0,"skipped":0,"pct":0},"statements":{"total":48,"covered":0,"skipped":0,"pct":0},"branches":{"total":16,"covered":0,"skipped":0,"pct":0}}
,"/Users/206047820@BWT3.COM/Documents/Code/JMSK-Frontend/src/components/RoleFormModal.tsx": {"lines":{"total":34,"covered":0,"skipped":0,"pct":0},"functions":{"total":11,"covered":0,"skipped":0,"pct":0},"statements":{"total":36,"covered":0,"skipped":0,"pct":0},"branches":{"total":30,"covered":0,"skipped":0,"pct":0}}
,"/Users/206047820@BWT3.COM/Documents/Code/JMSK-Frontend/src/components/ShipmentFormModal.tsx": {"lines":{"total":66,"covered":0,"skipped":0,"pct":0},"functions":{"total":21,"covered":0,"skipped":0,"pct":0},"statements":{"total":70,"covered":0,"skipped":0,"pct":0},"branches":{"total":84,"covered":0,"skipped":0,"pct":0}}
,"/Users/206047820@BWT3.COM/Documents/Code/JMSK-Frontend/src/components/SupplyFormModal.tsx": {"lines":{"total":51,"covered":0,"skipped":0,"pct":0},"functions":{"total":15,"covered":0,"skipped":0,"pct":0},"statements":{"total":53,"covered":0,"skipped":0,"pct":0},"branches":{"total":68,"covered":0,"skipped":0,"pct":0}}
,"/Users/206047820@BWT3.COM/Documents/Code/JMSK-Frontend/src/components/ThemeProvider.tsx": {"lines":{"total":13,"covered":0,"skipped":0,"pct":0},"functions":{"total":2,"covered":0,"skipped":0,"pct":0},"statements":{"total":13,"covered":0,"skipped":0,"pct":0},"branches":{"total":2,"covered":0,"skipped":0,"pct":0}}
,"/Users/206047820@BWT3.COM/Documents/Code/JMSK-Frontend/src/components/ui/Button.tsx": {"lines":{"total":16,"covered":4,"skipped":0,"pct":25},"functions":{"total":3,"covered":0,"skipped":0,"pct":0},"statements":{"total":16,"covered":4,"skipped":0,"pct":25},"branches":{"total":33,"covered":0,"skipped":0,"pct":0}}
,"/Users/206047820@BWT3.COM/Documents/Code/JMSK-Frontend/src/components/ui/Card.tsx": {"lines":{"total":25,"covered":6,"skipped":0,"pct":24},"functions":{"total":7,"covered":0,"skipped":0,"pct":0},"statements":{"total":25,"covered":6,"skipped":0,"pct":24},"branches":{"total":35,"covered":0,"skipped":0,"pct":0}}
,"/Users/206047820@BWT3.COM/Documents/Code/JMSK-Frontend/src/components/ui/ConfirmationDialog.tsx": {"lines":{"total":9,"covered":0,"skipped":0,"pct":0},"functions":{"total":2,"covered":0,"skipped":0,"pct":0},"statements":{"total":9,"covered":0,"skipped":0,"pct":0},"branches":{"total":10,"covered":0,"skipped":0,"pct":0}}
,"/Users/206047820@BWT3.COM/Documents/Code/JMSK-Frontend/src/components/ui/Container.tsx": {"lines":{"total":11,"covered":3,"skipped":0,"pct":27.27},"functions":{"total":2,"covered":0,"skipped":0,"pct":0},"statements":{"total":11,"covered":3,"skipped":0,"pct":27.27},"branches":{"total":9,"covered":0,"skipped":0,"pct":0}}
,"/Users/206047820@BWT3.COM/Documents/Code/JMSK-Frontend/src/components/ui/Flex.tsx": {"lines":{"total":10,"covered":0,"skipped":0,"pct":0},"functions":{"total":1,"covered":0,"skipped":0,"pct":0},"statements":{"total":10,"covered":0,"skipped":0,"pct":0},"branches":{"total":26,"covered":0,"skipped":0,"pct":0}}
,"/Users/206047820@BWT3.COM/Documents/Code/JMSK-Frontend/src/components/ui/FormModal.tsx": {"lines":{"total":11,"covered":0,"skipped":0,"pct":0},"functions":{"total":2,"covered":0,"skipped":0,"pct":0},"statements":{"total":11,"covered":0,"skipped":0,"pct":0},"branches":{"total":15,"covered":0,"skipped":0,"pct":0}}
,"/Users/206047820@BWT3.COM/Documents/Code/JMSK-Frontend/src/components/ui/Grid.tsx": {"lines":{"total":15,"covered":0,"skipped":0,"pct":0},"functions":{"total":3,"covered":0,"skipped":0,"pct":0},"statements":{"total":15,"covered":0,"skipped":0,"pct":0},"branches":{"total":37,"covered":0,"skipped":0,"pct":0}}
,"/Users/206047820@BWT3.COM/Documents/Code/JMSK-Frontend/src/components/ui/Input.tsx": {"lines":{"total":22,"covered":4,"skipped":0,"pct":18.18},"functions":{"total":6,"covered":0,"skipped":0,"pct":0},"statements":{"total":22,"covered":4,"skipped":0,"pct":18.18},"branches":{"total":68,"covered":0,"skipped":0,"pct":0}}
,"/Users/206047820@BWT3.COM/Documents/Code/JMSK-Frontend/src/components/ui/KeyboardNavigation.tsx": {"lines":{"total":31,"covered":0,"skipped":0,"pct":0},"functions":{"total":6,"covered":0,"skipped":0,"pct":0},"statements":{"total":32,"covered":0,"skipped":0,"pct":0},"branches":{"total":27,"covered":0,"skipped":0,"pct":0}}
,"/Users/206047820@BWT3.COM/Documents/Code/JMSK-Frontend/src/components/ui/LoadingOverlay.tsx": {"lines":{"total":19,"covered":0,"skipped":0,"pct":0},"functions":{"total":4,"covered":0,"skipped":0,"pct":0},"statements":{"total":20,"covered":0,"skipped":0,"pct":0},"branches":{"total":19,"covered":0,"skipped":0,"pct":0}}
,"/Users/206047820@BWT3.COM/Documents/Code/JMSK-Frontend/src/components/ui/Modal.tsx": {"lines":{"total":51,"covered":0,"skipped":0,"pct":0},"functions":{"total":8,"covered":0,"skipped":0,"pct":0},"statements":{"total":55,"covered":0,"skipped":0,"pct":0},"branches":{"total":46,"covered":0,"skipped":0,"pct":0}}
,"/Users/206047820@BWT3.COM/Documents/Code/JMSK-Frontend/src/components/ui/Select.tsx": {"lines":{"total":50,"covered":0,"skipped":0,"pct":0},"functions":{"total":14,"covered":0,"skipped":0,"pct":0},"statements":{"total":52,"covered":0,"skipped":0,"pct":0},"branches":{"total":78,"covered":0,"skipped":0,"pct":0}}
,"/Users/206047820@BWT3.COM/Documents/Code/JMSK-Frontend/src/components/ui/Stack.tsx": {"lines":{"total":12,"covered":0,"skipped":0,"pct":0},"functions":{"total":2,"covered":0,"skipped":0,"pct":0},"statements":{"total":12,"covered":0,"skipped":0,"pct":0},"branches":{"total":10,"covered":0,"skipped":0,"pct":0}}
,"/Users/206047820@BWT3.COM/Documents/Code/JMSK-Frontend/src/components/ui/Status.tsx": {"lines":{"total":49,"covered":4,"skipped":0,"pct":8.16},"functions":{"total":13,"covered":0,"skipped":0,"pct":0},"statements":{"total":50,"covered":4,"skipped":0,"pct":8},"branches":{"total":64,"covered":0,"skipped":0,"pct":0}}
,"/Users/206047820@BWT3.COM/Documents/Code/JMSK-Frontend/src/components/ui/Table.tsx": {"lines":{"total":111,"covered":3,"skipped":0,"pct":2.7},"functions":{"total":37,"covered":0,"skipped":0,"pct":0},"statements":{"total":122,"covered":3,"skipped":0,"pct":2.45},"branches":{"total":178,"covered":0,"skipped":0,"pct":0}}
,"/Users/206047820@BWT3.COM/Documents/Code/JMSK-Frontend/src/components/ui/index.ts": {"lines":{"total":15,"covered":0,"skipped":0,"pct":0},"functions":{"total":26,"covered":0,"skipped":0,"pct":0},"statements":{"total":41,"covered":0,"skipped":0,"pct":0},"branches":{"total":0,"covered":0,"skipped":0,"pct":100}}
,"/Users/206047820@BWT3.COM/Documents/Code/JMSK-Frontend/src/lib/api.ts": {"lines":{"total":123,"covered":0,"skipped":0,"pct":0},"functions":{"total":32,"covered":0,"skipped":0,"pct":0},"statements":{"total":146,"covered":0,"skipped":0,"pct":0},"branches":{"total":15,"covered":0,"skipped":0,"pct":0}}
,"/Users/206047820@BWT3.COM/Documents/Code/JMSK-Frontend/src/lib/theme.ts": {"lines":{"total":9,"covered":0,"skipped":0,"pct":0},"functions":{"total":5,"covered":0,"skipped":0,"pct":0},"statements":{"total":9,"covered":0,"skipped":0,"pct":0},"branches":{"total":0,"covered":0,"skipped":0,"pct":100}}
,"/Users/206047820@BWT3.COM/Documents/Code/JMSK-Frontend/src/lib/toast.ts": {"lines":{"total":5,"covered":3,"skipped":0,"pct":60},"functions":{"total":2,"covered":0,"skipped":0,"pct":0},"statements":{"total":7,"covered":5,"skipped":0,"pct":71.42},"branches":{"total":0,"covered":0,"skipped":0,"pct":100}}
,"/Users/206047820@BWT3.COM/Documents/Code/JMSK-Frontend/src/pages/Companies.tsx": {"lines":{"total":96,"covered":0,"skipped":0,"pct":0},"functions":{"total":35,"covered":0,"skipped":0,"pct":0},"statements":{"total":97,"covered":0,"skipped":0,"pct":0},"branches":{"total":34,"covered":0,"skipped":0,"pct":0}}
,"/Users/206047820@BWT3.COM/Documents/Code/JMSK-Frontend/src/pages/CompanyDetail.tsx": {"lines":{"total":92,"covered":18,"skipped":0,"pct":19.56},"functions":{"total":43,"covered":0,"skipped":0,"pct":0},"statements":{"total":94,"covered":18,"skipped":0,"pct":19.14},"branches":{"total":58,"covered":0,"skipped":0,"pct":0}}
,"/Users/206047820@BWT3.COM/Documents/Code/JMSK-Frontend/src/pages/ContactDetail.tsx": {"lines":{"total":67,"covered":15,"skipped":0,"pct":22.38},"functions":{"total":28,"covered":0,"skipped":0,"pct":0},"statements":{"total":69,"covered":15,"skipped":0,"pct":21.73},"branches":{"total":32,"covered":0,"skipped":0,"pct":0}}
,"/Users/206047820@BWT3.COM/Documents/Code/JMSK-Frontend/src/pages/Contacts.tsx": {"lines":{"total":95,"covered":15,"skipped":0,"pct":15.78},"functions":{"total":34,"covered":0,"skipped":0,"pct":0},"statements":{"total":96,"covered":15,"skipped":0,"pct":15.62},"branches":{"total":29,"covered":0,"skipped":0,"pct":0}}
,"/Users/206047820@BWT3.COM/Documents/Code/JMSK-Frontend/src/pages/CustomerDetail.tsx": {"lines":{"total":85,"covered":0,"skipped":0,"pct":0},"functions":{"total":36,"covered":0,"skipped":0,"pct":0},"statements":{"total":87,"covered":0,"skipped":0,"pct":0},"branches":{"total":46,"covered":0,"skipped":0,"pct":0}}
,"/Users/206047820@BWT3.COM/Documents/Code/JMSK-Frontend/src/pages/Customers.tsx": {"lines":{"total":94,"covered":0,"skipped":0,"pct":0},"functions":{"total":32,"covered":0,"skipped":0,"pct":0},"statements":{"total":94,"covered":0,"skipped":0,"pct":0},"branches":{"total":28,"covered":0,"skipped":0,"pct":0}}
,"/Users/206047820@BWT3.COM/Documents/Code/JMSK-Frontend/src/pages/Dashboard.tsx": {"lines":{"total":23,"covered":0,"skipped":0,"pct":0},"functions":{"total":8,"covered":0,"skipped":0,"pct":0},"statements":{"total":25,"covered":0,"skipped":0,"pct":0},"branches":{"total":55,"covered":0,"skipped":0,"pct":0}}
,"/Users/206047820@BWT3.COM/Documents/Code/JMSK-Frontend/src/pages/Departments.tsx": {"lines":{"total":71,"covered":0,"skipped":0,"pct":0},"functions":{"total":26,"covered":0,"skipped":0,"pct":0},"statements":{"total":72,"covered":0,"skipped":0,"pct":0},"branches":{"total":32,"covered":0,"skipped":0,"pct":0}}
,"/Users/206047820@BWT3.COM/Documents/Code/JMSK-Frontend/src/pages/Login.tsx": {"lines":{"total":51,"covered":0,"skipped":0,"pct":0},"functions":{"total":7,"covered":0,"skipped":0,"pct":0},"statements":{"total":53,"covered":0,"skipped":0,"pct":0},"branches":{"total":16,"covered":0,"skipped":0,"pct":0}}
,"/Users/206047820@BWT3.COM/Documents/Code/JMSK-Frontend/src/pages/Manufacturing.tsx": {"lines":{"total":95,"covered":0,"skipped":0,"pct":0},"functions":{"total":34,"covered":0,"skipped":0,"pct":0},"statements":{"total":96,"covered":0,"skipped":0,"pct":0},"branches":{"total":71,"covered":0,"skipped":0,"pct":0}}
,"/Users/206047820@BWT3.COM/Documents/Code/JMSK-Frontend/src/pages/Orders.tsx": {"lines":{"total":115,"covered":0,"skipped":0,"pct":0},"functions":{"total":38,"covered":0,"skipped":0,"pct":0},"statements":{"total":115,"covered":0,"skipped":0,"pct":0},"branches":{"total":47,"covered":0,"skipped":0,"pct":0}}
,"/Users/206047820@BWT3.COM/Documents/Code/JMSK-Frontend/src/pages/Roles.tsx": {"lines":{"total":95,"covered":0,"skipped":0,"pct":0},"functions":{"total":31,"covered":0,"skipped":0,"pct":0},"statements":{"total":95,"covered":0,"skipped":0,"pct":0},"branches":{"total":37,"covered":0,"skipped":0,"pct":0}}
,"/Users/206047820@BWT3.COM/Documents/Code/JMSK-Frontend/src/pages/Shipments.tsx": {"lines":{"total":82,"covered":0,"skipped":0,"pct":0},"functions":{"total":22,"covered":0,"skipped":0,"pct":0},"statements":{"total":82,"covered":0,"skipped":0,"pct":0},"branches":{"total":35,"covered":0,"skipped":0,"pct":0}}
,"/Users/206047820@BWT3.COM/Documents/Code/JMSK-Frontend/src/pages/Supplies.tsx": {"lines":{"total":86,"covered":0,"skipped":0,"pct":0},"functions":{"total":29,"covered":0,"skipped":0,"pct":0},"statements":{"total":86,"covered":0,"skipped":0,"pct":0},"branches":{"total":24,"covered":0,"skipped":0,"pct":0}}
,"/Users/206047820@BWT3.COM/Documents/Code/JMSK-Frontend/src/store/authStore.ts": {"lines":{"total":6,"covered":0,"skipped":0,"pct":0},"functions":{"total":3,"covered":0,"skipped":0,"pct":0},"statements":{"total":6,"covered":0,"skipped":0,"pct":0},"branches":{"total":0,"covered":0,"skipped":0,"pct":100}}
}
