TN:
SF:src/App.tsx
FN:21,PrivateRoute
FN:22,(anonymous_2)
FN:46,App
FNF:3
FNH:0
FNDA:0,PrivateRoute
FNDA:0,(anonymous_2)
FNDA:0,App
DA:1,1
DA:2,1
DA:3,1
DA:4,1
DA:5,1
DA:6,1
DA:7,1
DA:8,1
DA:9,1
DA:10,1
DA:11,1
DA:12,1
DA:13,1
DA:14,1
DA:15,1
DA:16,1
DA:17,1
DA:18,1
DA:19,1
DA:22,0
DA:23,0
DA:25,0
DA:26,0
DA:27,0
DA:29,0
DA:30,0
DA:35,1
DA:47,0
DA:81,1
LF:29
LH:21
BRDA:25,0,0,0
BRDA:25,0,1,0
BRF:2
BRH:0
end_of_record
TN:
SF:src/config.ts
FNF:0
FNH:0
DA:3,0
LF:1
LH:0
BRDA:4,0,0,0
BRDA:4,0,1,0
BRF:2
BRH:0
end_of_record
TN:
SF:src/components/AddressFormModal.tsx
FN:23,AddressFormModal
FN:42,(anonymous_1)
FN:67,(anonymous_2)
FN:68,(anonymous_3)
FN:75,(anonymous_4)
FN:78,(anonymous_5)
FN:108,(anonymous_6)
FN:201,(anonymous_7)
FN:227,(anonymous_8)
FN:251,(anonymous_9)
FN:278,(anonymous_10)
FN:302,(anonymous_11)
FN:323,(anonymous_12)
FNF:13
FNH:0
FNDA:0,AddressFormModal
FNDA:0,(anonymous_1)
FNDA:0,(anonymous_2)
FNDA:0,(anonymous_3)
FNDA:0,(anonymous_4)
FNDA:0,(anonymous_5)
FNDA:0,(anonymous_6)
FNDA:0,(anonymous_7)
FNDA:0,(anonymous_8)
FNDA:0,(anonymous_9)
FNDA:0,(anonymous_10)
FNDA:0,(anonymous_11)
FNDA:0,(anonymous_12)
DA:1,1
DA:23,1
DA:32,0
DA:40,0
DA:42,0
DA:43,0
DA:44,0
DA:45,0
DA:54,0
DA:63,0
DA:67,0
DA:68,0
DA:69,0
DA:70,0
DA:74,0
DA:75,0
DA:78,0
DA:79,0
DA:82,0
DA:83,0
DA:86,0
DA:87,0
DA:90,0
DA:91,0
DA:94,0
DA:95,0
DA:96,0
DA:97,0
DA:100,0
DA:101,0
DA:104,0
DA:105,0
DA:108,0
DA:109,0
DA:111,0
DA:112,0
DA:115,0
DA:125,0
DA:126,0
DA:129,0
DA:132,0
DA:134,0
DA:202,0
DA:228,0
DA:252,0
DA:279,0
DA:303,0
DA:324,0
LF:48
LH:2
BRDA:43,0,0,0
BRDA:43,0,1,0
BRDA:44,1,0,0
BRDA:44,1,1,0
BRDA:44,2,0,0
BRDA:44,2,1,0
BRDA:69,3,0,0
BRDA:69,3,1,0
BRDA:69,4,0,0
BRDA:69,4,1,0
BRDA:82,5,0,0
BRDA:82,5,1,0
BRDA:86,6,0,0
BRDA:86,6,1,0
BRDA:90,7,0,0
BRDA:90,7,1,0
BRDA:94,8,0,0
BRDA:94,8,1,0
BRDA:96,9,0,0
BRDA:96,9,1,0
BRDA:100,10,0,0
BRDA:100,10,1,0
BRDA:111,11,0,0
BRDA:111,11,1,0
BRDA:125,12,0,0
BRDA:125,12,1,0
BRDA:125,13,0,0
BRDA:125,13,1,0
BRDA:132,14,0,0
BRDA:132,14,1,0
BRDA:185,15,0,0
BRDA:185,15,1,0
BRDA:205,16,0,0
BRDA:205,16,1,0
BRDA:209,17,0,0
BRDA:209,17,1,0
BRDA:231,18,0,0
BRDA:231,18,1,0
BRDA:235,19,0,0
BRDA:235,19,1,0
BRDA:255,20,0,0
BRDA:255,20,1,0
BRDA:259,21,0,0
BRDA:259,21,1,0
BRDA:282,22,0,0
BRDA:282,22,1,0
BRDA:286,23,0,0
BRDA:286,23,1,0
BRDA:306,24,0,0
BRDA:306,24,1,0
BRDA:310,25,0,0
BRDA:310,25,1,0
BRDA:346,26,0,0
BRDA:346,26,1,0
BRDA:367,27,0,0
BRDA:367,27,1,0
BRDA:369,28,0,0
BRDA:369,28,1,0
BRF:58
BRH:0
end_of_record
TN:
SF:src/components/AddressList.tsx
FN:25,AddressList
FN:33,(anonymous_2)
FN:34,(anonymous_3)
FN:41,(anonymous_4)
FN:48,(anonymous_5)
FN:49,(anonymous_6)
FN:56,(anonymous_7)
FN:62,(anonymous_8)
FN:67,(anonymous_9)
FN:72,(anonymous_10)
FN:78,(anonymous_11)
FN:99,(anonymous_12)
FN:133,(anonymous_13)
FN:141,(anonymous_14)
FN:156,(anonymous_15)
FN:170,(anonymous_16)
FNF:16
FNH:0
FNDA:0,AddressList
FNDA:0,(anonymous_2)
FNDA:0,(anonymous_3)
FNDA:0,(anonymous_4)
FNDA:0,(anonymous_5)
FNDA:0,(anonymous_6)
FNDA:0,(anonymous_7)
FNDA:0,(anonymous_8)
FNDA:0,(anonymous_9)
FNDA:0,(anonymous_10)
FNDA:0,(anonymous_11)
FNDA:0,(anonymous_12)
FNDA:0,(anonymous_13)
FNDA:0,(anonymous_14)
FNDA:0,(anonymous_15)
FNDA:0,(anonymous_16)
DA:1,1
DA:2,1
DA:4,1
DA:5,1
DA:6,1
DA:7,1
DA:8,1
DA:9,1
DA:25,1
DA:26,0
DA:27,0
DA:28,0
DA:29,0
DA:30,0
DA:32,0
DA:33,0
DA:35,0
DA:36,0
DA:37,0
DA:38,0
DA:39,0
DA:42,0
DA:43,0
DA:47,0
DA:48,0
DA:50,0
DA:51,0
DA:52,0
DA:53,0
DA:54,0
DA:57,0
DA:58,0
DA:62,0
DA:63,0
DA:64,0
DA:67,0
DA:68,0
DA:69,0
DA:72,0
DA:73,0
DA:74,0
DA:78,0
DA:79,0
DA:80,0
DA:84,0
DA:85,0
DA:96,0
DA:100,0
DA:133,0
DA:141,0
DA:157,0
DA:158,0
DA:171,0
DA:172,0
LF:54
LH:9
BRDA:42,0,0,0
BRDA:42,0,1,0
BRDA:57,1,0,0
BRDA:57,1,1,0
BRDA:73,2,0,0
BRDA:73,2,1,0
BRDA:79,3,0,0
BRDA:79,3,1,0
BRDA:84,4,0,0
BRDA:84,4,1,0
BRDA:84,5,0,0
BRDA:84,5,1,0
BRDA:102,6,0,0
BRDA:102,6,1,0
BRDA:103,7,0,0
BRDA:103,7,1,0
BRDA:113,8,0,0
BRDA:113,8,1,0
BRDA:174,9,0,0
BRDA:174,9,1,0
BRF:20
BRH:0
end_of_record
TN:
SF:src/components/BalanceCard.tsx
FN:7,BalanceCard
FNF:1
FNH:0
FNDA:0,BalanceCard
DA:7,0
DA:8,0
LF:2
LH:0
BRF:0
BRH:0
end_of_record
TN:
SF:src/components/Breadcrumbs.tsx
FN:22,Breadcrumbs
FN:25,(anonymous_1)
FN:34,(anonymous_2)
FN:69,(anonymous_3)
FNF:4
FNH:0
FNDA:0,Breadcrumbs
FNDA:0,(anonymous_1)
FNDA:0,(anonymous_2)
FNDA:0,(anonymous_3)
DA:2,0
DA:3,0
DA:10,0
DA:22,0
DA:23,0
DA:25,0
DA:26,0
DA:27,0
DA:30,0
DA:33,0
DA:34,0
DA:35,0
DA:38,0
DA:39,0
DA:45,0
DA:46,0
DA:48,0
DA:56,0
DA:59,0
DA:62,0
DA:63,0
DA:66,0
DA:70,0
LF:23
LH:0
BRDA:38,0,0,0
BRDA:38,0,1,0
BRDA:41,1,0,0
BRDA:41,1,1,0
BRDA:46,2,0,0
BRDA:46,2,1,0
BRDA:62,3,0,0
BRDA:62,3,1,0
BRDA:71,4,0,0
BRDA:71,4,1,0
BRDA:75,5,0,0
BRDA:75,5,1,0
BRDA:80,6,0,0
BRDA:80,6,1,0
BRDA:87,7,0,0
BRDA:87,7,1,0
BRF:16
BRH:0
end_of_record
TN:
SF:src/components/CompanyFormModal.tsx
FN:13,CompanyFormModal
FN:28,(anonymous_1)
FN:47,(anonymous_2)
FN:48,(anonymous_3)
FN:55,(anonymous_4)
FN:58,(anonymous_5)
FN:76,(anonymous_6)
FN:160,(anonymous_7)
FN:184,(anonymous_8)
FN:208,(anonymous_9)
FNF:10
FNH:0
FNDA:0,CompanyFormModal
FNDA:0,(anonymous_1)
FNDA:0,(anonymous_2)
FNDA:0,(anonymous_3)
FNDA:0,(anonymous_4)
FNDA:0,(anonymous_5)
FNDA:0,(anonymous_6)
FNDA:0,(anonymous_7)
FNDA:0,(anonymous_8)
FNDA:0,(anonymous_9)
DA:1,1
DA:13,1
DA:21,0
DA:26,0
DA:28,0
DA:29,0
DA:30,0
DA:31,0
DA:37,0
DA:43,0
DA:47,0
DA:48,0
DA:49,0
DA:50,0
DA:54,0
DA:55,0
DA:58,0
DA:59,0
DA:61,0
DA:62,0
DA:65,0
DA:66,0
DA:67,0
DA:68,0
DA:72,0
DA:73,0
DA:76,0
DA:77,0
DA:79,0
DA:80,0
DA:83,0
DA:89,0
DA:92,0
DA:94,0
DA:161,0
DA:185,0
DA:209,0
LF:37
LH:2
BRDA:29,0,0,0
BRDA:29,0,1,0
BRDA:30,1,0,0
BRDA:30,1,1,0
BRDA:30,2,0,0
BRDA:30,2,1,0
BRDA:33,3,0,0
BRDA:33,3,1,0
BRDA:34,4,0,0
BRDA:34,4,1,0
BRDA:49,5,0,0
BRDA:49,5,1,0
BRDA:49,6,0,0
BRDA:49,6,1,0
BRDA:61,7,0,0
BRDA:61,7,1,0
BRDA:65,8,0,0
BRDA:65,8,1,0
BRDA:65,9,0,0
BRDA:65,9,1,0
BRDA:67,10,0,0
BRDA:67,10,1,0
BRDA:79,11,0,0
BRDA:79,11,1,0
BRDA:85,12,0,0
BRDA:85,12,1,0
BRDA:86,13,0,0
BRDA:86,13,1,0
BRDA:92,14,0,0
BRDA:92,14,1,0
BRDA:145,15,0,0
BRDA:145,15,1,0
BRDA:164,16,0,0
BRDA:164,16,1,0
BRDA:168,17,0,0
BRDA:168,17,1,0
BRDA:188,18,0,0
BRDA:188,18,1,0
BRDA:192,19,0,0
BRDA:192,19,1,0
BRDA:222,20,0,0
BRDA:222,20,1,0
BRDA:243,21,0,0
BRDA:243,21,1,0
BRDA:245,22,0,0
BRDA:245,22,1,0
BRF:46
BRH:0
end_of_record
TN:
SF:src/components/ContactFormModal.tsx
FN:15,ContactFormModal
FN:33,(anonymous_1)
FN:37,(anonymous_2)
FN:58,(anonymous_3)
FN:59,(anonymous_4)
FN:66,(anonymous_5)
FN:69,(anonymous_6)
FN:91,(anonymous_7)
FN:176,(anonymous_8)
FN:199,(anonymous_9)
FN:207,(anonymous_10)
FN:229,(anonymous_11)
FN:253,(anonymous_12)
FNF:13
FNH:0
FNDA:0,ContactFormModal
FNDA:0,(anonymous_1)
FNDA:0,(anonymous_2)
FNDA:0,(anonymous_3)
FNDA:0,(anonymous_4)
FNDA:0,(anonymous_5)
FNDA:0,(anonymous_6)
FNDA:0,(anonymous_7)
FNDA:0,(anonymous_8)
FNDA:0,(anonymous_9)
FNDA:0,(anonymous_10)
FNDA:0,(anonymous_11)
FNDA:0,(anonymous_12)
DA:1,1
DA:2,1
DA:3,1
DA:15,1
DA:23,0
DA:29,0
DA:31,0
DA:33,0
DA:37,0
DA:38,0
DA:39,0
DA:40,0
DA:47,0
DA:54,0
DA:58,0
DA:59,0
DA:60,0
DA:61,0
DA:65,0
DA:66,0
DA:69,0
DA:70,0
DA:72,0
DA:73,0
DA:76,0
DA:77,0
DA:80,0
DA:81,0
DA:82,0
DA:83,0
DA:87,0
DA:88,0
DA:91,0
DA:92,0
DA:94,0
DA:95,0
DA:98,0
DA:105,0
DA:108,0
DA:110,0
DA:177,0
DA:200,0
DA:208,0
DA:230,0
DA:254,0
LF:45
LH:4
BRDA:38,0,0,0
BRDA:38,0,1,0
BRDA:39,1,0,0
BRDA:39,1,1,0
BRDA:39,2,0,0
BRDA:39,2,1,0
BRDA:42,3,0,0
BRDA:42,3,1,0
BRDA:43,4,0,0
BRDA:43,4,1,0
BRDA:44,5,0,0
BRDA:44,5,1,0
BRDA:60,6,0,0
BRDA:60,6,1,0
BRDA:60,7,0,0
BRDA:60,7,1,0
BRDA:72,8,0,0
BRDA:72,8,1,0
BRDA:76,9,0,0
BRDA:76,9,1,0
BRDA:80,10,0,0
BRDA:80,10,1,0
BRDA:80,11,0,0
BRDA:80,11,1,0
BRDA:82,12,0,0
BRDA:82,12,1,0
BRDA:94,13,0,0
BRDA:94,13,1,0
BRDA:101,14,0,0
BRDA:101,14,1,0
BRDA:102,15,0,0
BRDA:102,15,1,0
BRDA:108,16,0,0
BRDA:108,16,1,0
BRDA:161,17,0,0
BRDA:161,17,1,0
BRDA:180,18,0,0
BRDA:180,18,1,0
BRDA:184,19,0,0
BRDA:184,19,1,0
BRDA:203,20,0,0
BRDA:203,20,1,0
BRDA:213,21,0,0
BRDA:213,21,1,0
BRDA:233,22,0,0
BRDA:233,22,1,0
BRDA:237,23,0,0
BRDA:237,23,1,0
BRDA:267,24,0,0
BRDA:267,24,1,0
BRDA:288,25,0,0
BRDA:288,25,1,0
BRDA:290,26,0,0
BRDA:290,26,1,0
BRF:54
BRH:0
end_of_record
TN:
SF:src/components/CustomerFormModal.tsx
FN:20,CustomerFormModal
FN:38,(anonymous_2)
FN:45,(anonymous_3)
FN:66,(anonymous_4)
FN:67,(anonymous_5)
FN:74,(anonymous_6)
FN:77,(anonymous_7)
FN:97,(anonymous_8)
FN:182,(anonymous_9)
FN:206,(anonymous_10)
FN:230,(anonymous_11)
FN:248,(anonymous_12)
FN:254,(anonymous_13)
FNF:13
FNH:0
FNDA:0,CustomerFormModal
FNDA:0,(anonymous_2)
FNDA:0,(anonymous_3)
FNDA:0,(anonymous_4)
FNDA:0,(anonymous_5)
FNDA:0,(anonymous_6)
FNDA:0,(anonymous_7)
FNDA:0,(anonymous_8)
FNDA:0,(anonymous_9)
FNDA:0,(anonymous_10)
FNDA:0,(anonymous_11)
FNDA:0,(anonymous_12)
FNDA:0,(anonymous_13)
DA:1,0
DA:2,0
DA:3,0
DA:20,0
DA:28,0
DA:34,0
DA:36,0
DA:39,0
DA:40,0
DA:45,0
DA:46,0
DA:47,0
DA:48,0
DA:55,0
DA:62,0
DA:66,0
DA:67,0
DA:68,0
DA:69,0
DA:73,0
DA:74,0
DA:77,0
DA:78,0
DA:80,0
DA:81,0
DA:84,0
DA:85,0
DA:87,0
DA:88,0
DA:89,0
DA:93,0
DA:94,0
DA:97,0
DA:98,0
DA:100,0
DA:101,0
DA:104,0
DA:111,0
DA:114,0
DA:116,0
DA:183,0
DA:207,0
DA:231,0
DA:249,0
DA:255,0
LF:45
LH:0
BRDA:46,0,0,0
BRDA:46,0,1,0
BRDA:47,1,0,0
BRDA:47,1,1,0
BRDA:47,2,0,0
BRDA:47,2,1,0
BRDA:51,3,0,0
BRDA:51,3,1,0
BRDA:52,4,0,0
BRDA:52,4,1,0
BRDA:68,5,0,0
BRDA:68,5,1,0
BRDA:68,6,0,0
BRDA:68,6,1,0
BRDA:80,7,0,0
BRDA:80,7,1,0
BRDA:84,8,0,0
BRDA:84,8,1,0
BRDA:88,9,0,0
BRDA:88,9,1,0
BRDA:100,10,0,0
BRDA:100,10,1,0
BRDA:107,11,0,0
BRDA:107,11,1,0
BRDA:108,12,0,0
BRDA:108,12,1,0
BRDA:114,13,0,0
BRDA:114,13,1,0
BRDA:167,14,0,0
BRDA:167,14,1,0
BRDA:186,15,0,0
BRDA:186,15,1,0
BRDA:190,16,0,0
BRDA:190,16,1,0
BRDA:210,17,0,0
BRDA:210,17,1,0
BRDA:214,18,0,0
BRDA:214,18,1,0
BRDA:268,19,0,0
BRDA:268,19,1,0
BRDA:289,20,0,0
BRDA:289,20,1,0
BRDA:291,21,0,0
BRDA:291,21,1,0
BRF:44
BRH:0
end_of_record
TN:
SF:src/components/CustomerSelector.tsx
FN:12,CustomerSelector
FN:18,(anonymous_2)
FN:25,(anonymous_3)
FN:27,(anonymous_4)
FN:33,(anonymous_5)
FN:65,(anonymous_6)
FN:69,(anonymous_7)
FN:78,(anonymous_8)
FN:82,(anonymous_9)
FNF:9
FNH:0
FNDA:0,CustomerSelector
FNDA:0,(anonymous_2)
FNDA:0,(anonymous_3)
FNDA:0,(anonymous_4)
FNDA:0,(anonymous_5)
FNDA:0,(anonymous_6)
FNDA:0,(anonymous_7)
FNDA:0,(anonymous_8)
FNDA:0,(anonymous_9)
DA:1,0
DA:2,0
DA:3,0
DA:12,0
DA:13,0
DA:14,0
DA:16,0
DA:19,0
DA:20,0
DA:21,0
DA:25,0
DA:27,0
DA:28,0
DA:29,0
DA:30,0
DA:33,0
DA:34,0
DA:35,0
DA:38,0
DA:66,0
DA:67,0
DA:69,0
DA:79,0
DA:82,0
LF:24
LH:0
BRDA:19,0,0,0
BRDA:19,0,1,0
BRDA:44,1,0,0
BRDA:44,1,1,0
BRDA:72,2,0,0
BRDA:72,2,1,0
BRDA:76,3,0,0
BRDA:76,3,1,0
BRDA:76,3,2,0
BRDA:76,3,3,0
BRDA:94,4,0,0
BRDA:94,4,1,0
BRF:12
BRH:0
end_of_record
TN:
SF:src/components/DeleteConfirmationModal.tsx
FN:14,DeleteConfirmationModal
FN:24,(anonymous_1)
FN:25,(anonymous_2)
FN:32,(anonymous_3)
FNF:4
FNH:0
FNDA:0,DeleteConfirmationModal
FNDA:0,(anonymous_1)
FNDA:0,(anonymous_2)
FNDA:0,(anonymous_3)
DA:1,1
DA:14,1
DA:24,0
DA:25,0
DA:26,0
DA:27,0
DA:31,0
DA:32,0
DA:35,0
DA:37,0
LF:10
LH:2
BRDA:26,0,0,0
BRDA:26,0,1,0
BRDA:26,1,0,0
BRDA:26,1,1,0
BRDA:35,2,0,0
BRDA:35,2,1,0
BRDA:35,3,0,0
BRDA:35,3,1,0
BRDA:83,4,0,0
BRDA:83,4,1,0
BRDA:87,5,0,0
BRDA:87,5,1,0
BRDA:107,6,0,0
BRDA:107,6,1,0
BRF:14
BRH:0
end_of_record
TN:
SF:src/components/Header.tsx
FN:20,Header
FN:29,(anonymous_11)
FN:30,handleClickOutside
FN:37,(anonymous_13)
FN:40,(anonymous_14)
FN:51,(anonymous_15)
FN:97,(anonymous_16)
FN:135,(anonymous_17)
FN:183,(anonymous_18)
FN:195,(anonymous_19)
FNF:10
FNH:0
FNDA:0,Header
FNDA:0,(anonymous_11)
FNDA:0,handleClickOutside
FNDA:0,(anonymous_13)
FNDA:0,(anonymous_14)
FNDA:0,(anonymous_15)
FNDA:0,(anonymous_16)
FNDA:0,(anonymous_17)
FNDA:0,(anonymous_18)
FNDA:0,(anonymous_19)
DA:1,0
DA:2,0
DA:3,0
DA:12,0
DA:13,0
DA:20,0
DA:21,0
DA:22,0
DA:23,0
DA:24,0
DA:25,0
DA:26,0
DA:29,0
DA:31,0
DA:32,0
DA:36,0
DA:37,0
DA:40,0
DA:41,0
DA:42,0
DA:44,0
DA:46,0
DA:47,0
DA:51,0
DA:52,0
DA:53,0
DA:55,0
DA:59,0
DA:97,0
DA:135,0
DA:184,0
DA:196,0
DA:197,0
LF:33
LH:0
BRDA:31,0,0,0
BRDA:31,0,1,0
BRDA:31,1,0,0
BRDA:31,1,1,0
BRDA:53,2,0,0
BRDA:53,2,1,0
BRDA:63,3,0,0
BRDA:63,3,1,0
BRDA:115,4,0,0
BRDA:115,4,1,0
BRDA:119,5,0,0
BRDA:119,5,1,0
BRDA:124,6,0,0
BRDA:124,6,1,0
BRDA:128,7,0,0
BRDA:128,7,1,0
BRDA:146,8,0,0
BRDA:146,8,1,0
BRDA:156,9,0,0
BRDA:156,9,1,0
BRDA:163,10,0,0
BRDA:163,10,1,0
BRF:22
BRH:0
end_of_record
TN:
SF:src/components/Layout.tsx
FN:4,Layout
FN:20,(anonymous_1)
FN:48,(anonymous_2)
FN:105,(anonymous_3)
FNF:4
FNH:0
FNDA:0,Layout
FNDA:0,(anonymous_1)
FNDA:0,(anonymous_2)
FNDA:0,(anonymous_3)
DA:1,0
DA:2,0
DA:4,0
DA:5,0
DA:6,0
DA:8,0
DA:20,0
DA:21,0
DA:22,0
DA:24,0
DA:27,0
DA:49,0
DA:105,0
LF:13
LH:0
BRDA:21,0,0,0
BRDA:21,0,1,0
BRDA:54,1,0,0
BRDA:54,1,1,0
BRDA:62,2,0,0
BRDA:62,2,1,0
BRDA:75,3,0,0
BRDA:75,3,1,0
BRDA:80,4,0,0
BRDA:80,4,1,0
BRDA:83,5,0,0
BRDA:83,5,1,0
BRDA:105,6,0,0
BRDA:105,6,1,0
BRF:14
BRH:0
end_of_record
TN:
SF:src/components/ManufacturingFormModal.tsx
FN:94,ManufacturingFormModal
FN:124,(anonymous_2)
FN:134,(anonymous_3)
FN:141,(anonymous_4)
FN:163,(anonymous_5)
FN:177,(anonymous_6)
FN:192,(anonymous_7)
FN:193,(anonymous_8)
FN:200,(anonymous_9)
FN:203,(anonymous_10)
FN:270,(anonymous_11)
FN:350,(anonymous_12)
FN:370,(anonymous_13)
FN:390,(anonymous_14)
FN:396,(anonymous_15)
FN:416,(anonymous_16)
FN:436,(anonymous_17)
FN:442,(anonymous_18)
FN:461,(anonymous_19)
FN:486,(anonymous_20)
FN:493,(anonymous_21)
FN:512,(anonymous_22)
FN:518,(anonymous_23)
FN:538,(anonymous_24)
FN:553,(anonymous_25)
FN:569,(anonymous_26)
FN:573,(anonymous_27)
FN:590,(anonymous_28)
FN:606,(anonymous_29)
FN:609,(anonymous_30)
FN:631,(anonymous_31)
FN:646,(anonymous_32)
FN:667,(anonymous_33)
FN:682,(anonymous_34)
FN:703,(anonymous_35)
FN:716,(anonymous_36)
FN:735,(anonymous_37)
FNF:37
FNH:0
FNDA:0,ManufacturingFormModal
FNDA:0,(anonymous_2)
FNDA:0,(anonymous_3)
FNDA:0,(anonymous_4)
FNDA:0,(anonymous_5)
FNDA:0,(anonymous_6)
FNDA:0,(anonymous_7)
FNDA:0,(anonymous_8)
FNDA:0,(anonymous_9)
FNDA:0,(anonymous_10)
FNDA:0,(anonymous_11)
FNDA:0,(anonymous_12)
FNDA:0,(anonymous_13)
FNDA:0,(anonymous_14)
FNDA:0,(anonymous_15)
FNDA:0,(anonymous_16)
FNDA:0,(anonymous_17)
FNDA:0,(anonymous_18)
FNDA:0,(anonymous_19)
FNDA:0,(anonymous_20)
FNDA:0,(anonymous_21)
FNDA:0,(anonymous_22)
FNDA:0,(anonymous_23)
FNDA:0,(anonymous_24)
FNDA:0,(anonymous_25)
FNDA:0,(anonymous_26)
FNDA:0,(anonymous_27)
FNDA:0,(anonymous_28)
FNDA:0,(anonymous_29)
FNDA:0,(anonymous_30)
FNDA:0,(anonymous_31)
FNDA:0,(anonymous_32)
FNDA:0,(anonymous_33)
FNDA:0,(anonymous_34)
FNDA:0,(anonymous_35)
FNDA:0,(anonymous_36)
FNDA:0,(anonymous_37)
DA:1,0
DA:2,0
DA:3,0
DA:77,0
DA:88,0
DA:94,0
DA:102,0
DA:107,0
DA:115,0
DA:116,0
DA:122,0
DA:125,0
DA:126,0
DA:132,0
DA:135,0
DA:136,0
DA:141,0
DA:142,0
DA:143,0
DA:144,0
DA:160,0
DA:162,0
DA:164,0
DA:168,0
DA:178,0
DA:182,0
DA:188,0
DA:192,0
DA:193,0
DA:194,0
DA:195,0
DA:199,0
DA:200,0
DA:203,0
DA:204,0
DA:206,0
DA:208,0
DA:209,0
DA:211,0
DA:212,0
DA:215,0
DA:216,0
DA:218,0
DA:219,0
DA:222,0
DA:223,0
DA:226,0
DA:227,0
DA:230,0
DA:231,0
DA:234,0
DA:235,0
DA:239,0
DA:240,0
DA:243,0
DA:244,0
DA:250,0
DA:251,0
DA:253,0
DA:254,0
DA:258,0
DA:259,0
DA:261,0
DA:262,0
DA:266,0
DA:267,0
DA:270,0
DA:271,0
DA:272,0
DA:273,0
DA:274,0
DA:275,0
DA:276,0
DA:277,0
DA:279,0
DA:280,0
DA:283,0
DA:287,0
DA:289,0
DA:350,0
DA:370,0
DA:390,0
DA:397,0
DA:416,0
DA:436,0
DA:443,0
DA:461,0
DA:486,0
DA:494,0
DA:512,0
DA:519,0
DA:538,0
DA:553,0
DA:569,0
DA:574,0
DA:590,0
DA:606,0
DA:610,0
DA:631,0
DA:646,0
DA:667,0
DA:682,0
DA:703,0
DA:716,0
DA:735,0
LF:105
LH:0
BRDA:122,0,0,0
BRDA:132,1,0,0
BRDA:142,2,0,0
BRDA:142,2,1,0
BRDA:143,3,0,0
BRDA:143,3,1,0
BRDA:143,4,0,0
BRDA:143,4,1,0
BRDA:146,5,0,0
BRDA:146,5,1,0
BRDA:147,6,0,0
BRDA:147,6,1,0
BRDA:160,7,0,0
BRDA:160,7,1,0
BRDA:160,8,0,0
BRDA:160,8,1,0
BRDA:194,9,0,0
BRDA:194,9,1,0
BRDA:194,10,0,0
BRDA:194,10,1,0
BRDA:206,11,0,0
BRDA:206,11,1,0
BRDA:208,12,0,0
BRDA:208,12,1,0
BRDA:208,13,0,0
BRDA:208,13,1,0
BRDA:211,14,0,0
BRDA:211,14,1,0
BRDA:211,15,0,0
BRDA:211,15,1,0
BRDA:215,16,0,0
BRDA:215,16,1,0
BRDA:215,17,0,0
BRDA:215,17,1,0
BRDA:218,18,0,0
BRDA:218,18,1,0
BRDA:218,19,0,0
BRDA:218,19,1,0
BRDA:222,20,0,0
BRDA:222,20,1,0
BRDA:226,21,0,0
BRDA:226,21,1,0
BRDA:230,22,0,0
BRDA:230,22,1,0
BRDA:234,23,0,0
BRDA:234,23,1,0
BRDA:234,24,0,0
BRDA:234,24,1,0
BRDA:239,25,0,0
BRDA:239,25,1,0
BRDA:239,26,0,0
BRDA:239,26,1,0
BRDA:243,27,0,0
BRDA:243,27,1,0
BRDA:250,28,0,0
BRDA:250,28,1,0
BRDA:250,29,0,0
BRDA:250,29,1,0
BRDA:253,30,0,0
BRDA:253,30,1,0
BRDA:253,31,0,0
BRDA:253,31,1,0
BRDA:258,32,0,0
BRDA:258,32,1,0
BRDA:258,33,0,0
BRDA:258,33,1,0
BRDA:261,34,0,0
BRDA:261,34,1,0
BRDA:261,35,0,0
BRDA:261,35,1,0
BRDA:274,36,0,0
BRDA:274,36,1,0
BRDA:275,37,0,0
BRDA:275,37,1,0
BRDA:287,38,0,0
BRDA:287,38,1,0
BRDA:310,39,0,0
BRDA:310,39,1,0
BRDA:310,40,0,0
BRDA:310,40,1,0
BRDA:312,41,0,0
BRDA:312,41,1,0
BRDA:312,41,2,0
BRDA:322,42,0,0
BRDA:322,42,1,0
BRDA:325,43,0,0
BRDA:325,43,1,0
BRDA:349,44,0,0
BRDA:349,44,1,0
BRDA:350,45,0,0
BRDA:350,45,1,0
BRDA:352,46,0,0
BRDA:352,46,1,0
BRDA:356,47,0,0
BRDA:356,47,1,0
BRDA:369,48,0,0
BRDA:369,48,1,0
BRDA:370,49,0,0
BRDA:370,49,1,0
BRDA:372,50,0,0
BRDA:372,50,1,0
BRDA:376,51,0,0
BRDA:376,51,1,0
BRDA:392,52,0,0
BRDA:392,52,1,0
BRDA:402,53,0,0
BRDA:402,53,1,0
BRDA:418,54,0,0
BRDA:418,54,1,0
BRDA:422,55,0,0
BRDA:422,55,1,0
BRDA:435,56,0,0
BRDA:435,56,1,0
BRDA:438,57,0,0
BRDA:438,57,1,0
BRDA:448,58,0,0
BRDA:448,58,1,0
BRDA:463,59,0,0
BRDA:463,59,1,0
BRDA:467,60,0,0
BRDA:467,60,1,0
BRDA:476,61,0,0
BRDA:476,61,1,0
BRDA:489,62,0,0
BRDA:489,62,1,0
BRDA:490,63,0,0
BRDA:490,63,1,0
BRDA:499,64,0,0
BRDA:499,64,1,0
BRDA:514,65,0,0
BRDA:514,65,1,0
BRDA:524,66,0,0
BRDA:524,66,1,0
BRDA:552,67,0,0
BRDA:552,67,1,0
BRDA:568,68,0,0
BRDA:568,68,1,0
BRDA:589,69,0,0
BRDA:589,69,1,0
BRDA:598,70,0,0
BRDA:598,70,1,0
BRDA:605,71,0,0
BRDA:605,71,1,0
BRDA:630,72,0,0
BRDA:630,72,1,0
BRDA:631,73,0,0
BRDA:631,73,1,0
BRDA:636,74,0,0
BRDA:636,74,1,0
BRDA:645,75,0,0
BRDA:645,75,1,0
BRDA:646,76,0,0
BRDA:646,76,1,0
BRDA:666,77,0,0
BRDA:666,77,1,0
BRDA:667,78,0,0
BRDA:667,78,1,0
BRDA:672,79,0,0
BRDA:672,79,1,0
BRDA:681,80,0,0
BRDA:681,80,1,0
BRDA:682,81,0,0
BRDA:682,81,1,0
BRDA:691,82,0,0
BRDA:691,82,1,0
BRDA:702,83,0,0
BRDA:702,83,1,0
BRDA:715,84,0,0
BRDA:715,84,1,0
BRDA:726,85,0,0
BRDA:726,85,1,0
BRDA:734,86,0,0
BRDA:734,86,1,0
BRDA:760,87,0,0
BRDA:760,87,1,0
BRDA:760,88,0,0
BRDA:760,88,1,0
BRDA:760,89,0,0
BRDA:760,89,1,0
BRF:179
BRH:0
end_of_record
TN:
SF:src/components/Navigation.tsx
FN:43,Navigation
FN:52,(anonymous_2)
FN:59,(anonymous_3)
FN:100,(anonymous_4)
FN:179,(anonymous_5)
FNF:5
FNH:0
FNDA:0,Navigation
FNDA:0,(anonymous_2)
FNDA:0,(anonymous_3)
FNDA:0,(anonymous_4)
FNDA:0,(anonymous_5)
DA:1,0
DA:2,0
DA:3,0
DA:23,0
DA:43,0
DA:50,0
DA:52,0
DA:53,0
DA:54,0
DA:56,0
DA:59,0
DA:60,0
DA:61,0
DA:65,0
DA:66,0
DA:101,0
DA:102,0
DA:104,0
DA:138,0
DA:180,0
DA:181,0
DA:183,0
LF:22
LH:0
BRDA:46,0,0,0
BRDA:47,1,0,0
BRDA:53,2,0,0
BRDA:53,2,1,0
BRDA:60,3,0,0
BRDA:60,3,1,0
BRDA:60,4,0,0
BRDA:60,4,1,0
BRDA:65,5,0,0
BRDA:65,5,1,0
BRDA:69,6,0,0
BRDA:69,6,1,0
BRDA:81,7,0,0
BRDA:81,7,1,0
BRDA:112,8,0,0
BRDA:112,8,1,0
BRDA:117,9,0,0
BRDA:117,9,1,0
BRDA:121,10,0,0
BRDA:121,10,1,0
BRDA:142,11,0,0
BRDA:142,11,1,0
BRDA:151,12,0,0
BRDA:151,12,1,0
BRDA:159,13,0,0
BRDA:159,13,1,0
BRDA:163,14,0,0
BRDA:163,14,1,0
BRDA:175,15,0,0
BRDA:175,15,1,0
BRDA:176,16,0,0
BRDA:176,16,1,0
BRDA:190,17,0,0
BRDA:190,17,1,0
BRDA:195,18,0,0
BRDA:195,18,1,0
BRDA:196,19,0,0
BRDA:196,19,1,0
BRDA:197,20,0,0
BRDA:197,20,1,0
BRDA:200,21,0,0
BRDA:200,21,1,0
BRDA:201,22,0,0
BRDA:201,22,1,0
BRDA:205,23,0,0
BRDA:205,23,1,0
BRF:46
BRH:0
end_of_record
TN:
SF:src/components/OrderFormModal.tsx
FN:68,OrderFormModal
FN:83,(anonymous_2)
FN:112,(anonymous_3)
FN:113,(anonymous_4)
FN:120,(anonymous_5)
FN:123,(anonymous_6)
FN:202,(anonymous_7)
FN:212,(anonymous_8)
FN:246,(anonymous_9)
FN:271,(anonymous_10)
FN:291,(anonymous_11)
FN:311,(anonymous_12)
FN:336,(anonymous_13)
FN:359,(anonymous_14)
FN:385,(anonymous_15)
FN:411,(anonymous_16)
FN:414,(anonymous_17)
FN:435,(anonymous_18)
FN:455,(anonymous_19)
FN:478,(anonymous_20)
FN:483,(anonymous_21)
FN:504,(anonymous_22)
FNF:22
FNH:0
FNDA:0,OrderFormModal
FNDA:0,(anonymous_2)
FNDA:0,(anonymous_3)
FNDA:0,(anonymous_4)
FNDA:0,(anonymous_5)
FNDA:0,(anonymous_6)
FNDA:0,(anonymous_7)
FNDA:0,(anonymous_8)
FNDA:0,(anonymous_9)
FNDA:0,(anonymous_10)
FNDA:0,(anonymous_11)
FNDA:0,(anonymous_12)
FNDA:0,(anonymous_13)
FNDA:0,(anonymous_14)
FNDA:0,(anonymous_15)
FNDA:0,(anonymous_16)
FNDA:0,(anonymous_17)
FNDA:0,(anonymous_18)
FNDA:0,(anonymous_19)
FNDA:0,(anonymous_20)
FNDA:0,(anonymous_21)
FNDA:0,(anonymous_22)
DA:1,0
DA:2,0
DA:49,0
DA:57,0
DA:68,0
DA:76,0
DA:81,0
DA:83,0
DA:84,0
DA:85,0
DA:86,0
DA:102,0
DA:108,0
DA:112,0
DA:113,0
DA:114,0
DA:115,0
DA:119,0
DA:120,0
DA:123,0
DA:124,0
DA:126,0
DA:127,0
DA:130,0
DA:131,0
DA:134,0
DA:135,0
DA:138,0
DA:139,0
DA:142,0
DA:143,0
DA:146,0
DA:148,0
DA:203,0
DA:204,0
DA:205,0
DA:207,0
DA:213,0
DA:214,0
DA:222,0
DA:247,0
DA:272,0
DA:292,0
DA:312,0
DA:337,0
DA:360,0
DA:386,0
DA:411,0
DA:415,0
DA:436,0
DA:456,0
DA:479,0
DA:484,0
DA:505,0
LF:54
LH:0
BRDA:84,0,0,0
BRDA:84,0,1,0
BRDA:85,1,0,0
BRDA:85,1,1,0
BRDA:85,2,0,0
BRDA:85,2,1,0
BRDA:96,3,0,0
BRDA:96,3,1,0
BRDA:114,4,0,0
BRDA:114,4,1,0
BRDA:114,5,0,0
BRDA:114,5,1,0
BRDA:126,6,0,0
BRDA:126,6,1,0
BRDA:130,7,0,0
BRDA:130,7,1,0
BRDA:134,8,0,0
BRDA:134,8,1,0
BRDA:134,9,0,0
BRDA:134,9,1,0
BRDA:138,10,0,0
BRDA:138,10,1,0
BRDA:138,11,0,0
BRDA:138,11,1,0
BRDA:146,12,0,0
BRDA:146,12,1,0
BRDA:199,13,0,0
BRDA:199,13,1,0
BRDA:204,14,0,0
BRDA:204,14,1,0
BRDA:213,15,0,0
BRDA:213,15,1,0
BRDA:219,16,0,0
BRDA:219,16,1,0
BRDA:250,17,0,0
BRDA:250,17,1,0
BRDA:254,18,0,0
BRDA:254,18,1,0
BRDA:270,19,0,0
BRDA:270,19,1,0
BRDA:290,20,0,0
BRDA:290,20,1,0
BRDA:315,21,0,0
BRDA:315,21,1,0
BRDA:319,22,0,0
BRDA:319,22,1,0
BRDA:335,23,0,0
BRDA:335,23,1,0
BRDA:360,24,0,0
BRDA:360,24,1,0
BRDA:363,25,0,0
BRDA:363,25,1,0
BRDA:366,26,0,0
BRDA:366,26,1,0
BRDA:384,27,0,0
BRDA:384,27,1,0
BRDA:386,28,0,0
BRDA:386,28,1,0
BRDA:389,29,0,0
BRDA:389,29,1,0
BRDA:393,30,0,0
BRDA:393,30,1,0
BRDA:410,31,0,0
BRDA:410,31,1,0
BRDA:411,32,0,0
BRDA:411,32,1,0
BRDA:434,33,0,0
BRDA:434,33,1,0
BRDA:436,34,0,0
BRDA:436,34,1,0
BRDA:454,35,0,0
BRDA:454,35,1,0
BRDA:456,36,0,0
BRDA:456,36,1,0
BRDA:467,37,0,0
BRDA:467,37,1,0
BRDA:477,38,0,0
BRDA:477,38,1,0
BRDA:503,39,0,0
BRDA:503,39,1,0
BRDA:518,40,0,0
BRDA:518,40,1,0
BRDA:539,41,0,0
BRDA:539,41,1,0
BRDA:541,42,0,0
BRDA:541,42,1,0
BRF:86
BRH:0
end_of_record
TN:
SF:src/components/OrderTimeline.tsx
FN:33,OrderTimeline
FN:36,(anonymous_2)
FN:82,(anonymous_3)
FN:123,(anonymous_4)
FNF:4
FNH:0
FNDA:0,OrderTimeline
FNDA:0,(anonymous_2)
FNDA:0,(anonymous_3)
FNDA:0,(anonymous_4)
DA:1,0
DA:2,0
DA:26,0
DA:33,0
DA:34,0
DA:37,0
DA:38,0
DA:42,0
DA:43,0
DA:51,0
DA:52,0
DA:59,0
DA:60,0
DA:67,0
DA:83,0
DA:123,0
LF:16
LH:0
BRDA:42,0,0,0
BRDA:42,0,1,0
BRDA:51,1,0,0
BRDA:51,1,1,0
BRDA:59,2,0,0
BRDA:59,2,1,0
BRDA:59,3,0,0
BRDA:59,3,1,0
BRDA:86,4,0,0
BRDA:86,4,1,0
BRDA:91,5,0,0
BRDA:91,5,1,0
BRDA:94,6,0,0
BRDA:94,6,1,0
BRDA:108,7,0,0
BRDA:108,7,1,0
BRDA:108,7,2,0
BRF:17
BRH:0
end_of_record
TN:
SF:src/components/PermissionSelector.tsx
FN:17,PermissionSelector
FN:27,(anonymous_1)
FN:35,(anonymous_2)
FN:45,(anonymous_3)
FN:47,(anonymous_4)
FN:53,(anonymous_5)
FN:54,(anonymous_6)
FN:55,(anonymous_7)
FN:59,(anonymous_8)
FN:67,(anonymous_9)
FN:68,(anonymous_10)
FN:71,(anonymous_11)
FN:72,(anonymous_12)
FN:90,(anonymous_13)
FN:103,(anonymous_14)
FN:108,(anonymous_15)
FN:113,(anonymous_16)
FN:135,(anonymous_17)
FN:143,(anonymous_18)
FN:151,(anonymous_19)
FNF:20
FNH:0
FNDA:0,PermissionSelector
FNDA:0,(anonymous_1)
FNDA:0,(anonymous_2)
FNDA:0,(anonymous_3)
FNDA:0,(anonymous_4)
FNDA:0,(anonymous_5)
FNDA:0,(anonymous_6)
FNDA:0,(anonymous_7)
FNDA:0,(anonymous_8)
FNDA:0,(anonymous_9)
FNDA:0,(anonymous_10)
FNDA:0,(anonymous_11)
FNDA:0,(anonymous_12)
FNDA:0,(anonymous_13)
FNDA:0,(anonymous_14)
FNDA:0,(anonymous_15)
FNDA:0,(anonymous_16)
FNDA:0,(anonymous_17)
FNDA:0,(anonymous_18)
FNDA:0,(anonymous_19)
DA:1,0
DA:17,0
DA:22,0
DA:27,0
DA:28,0
DA:29,0
DA:31,0
DA:32,0
DA:35,0
DA:36,0
DA:37,0
DA:38,0
DA:40,0
DA:42,0
DA:45,0
DA:46,0
DA:47,0
DA:49,0
DA:53,0
DA:54,0
DA:55,0
DA:57,0
DA:59,0
DA:62,0
DA:63,0
DA:67,0
DA:68,0
DA:71,0
DA:72,0
DA:73,0
DA:75,0
DA:78,0
DA:91,0
DA:92,0
DA:93,0
DA:95,0
DA:104,0
DA:105,0
DA:108,0
DA:113,0
DA:135,0
DA:144,0
DA:151,0
LF:43
LH:0
BRDA:28,0,0,0
BRDA:28,0,1,0
BRDA:37,1,0,0
BRDA:37,1,1,0
BRDA:46,2,0,0
BRDA:46,2,1,0
BRDA:57,3,0,0
BRDA:57,3,1,0
BRDA:75,4,0,0
BRDA:75,4,1,0
BRDA:104,5,0,0
BRDA:104,5,1,0
BRDA:119,6,0,0
BRDA:119,6,1,0
BRDA:141,7,0,0
BRDA:141,7,1,0
BRF:16
BRH:0
end_of_record
TN:
SF:src/components/RoleFormModal.tsx
FN:35,RoleFormModal
FN:52,(anonymous_2)
FN:58,(anonymous_3)
FN:72,(anonymous_4)
FN:73,(anonymous_5)
FN:80,(anonymous_6)
FN:83,(anonymous_7)
FN:94,(anonymous_8)
FN:180,(anonymous_9)
FN:205,(anonymous_10)
FN:217,(anonymous_11)
FNF:11
FNH:0
FNDA:0,RoleFormModal
FNDA:0,(anonymous_2)
FNDA:0,(anonymous_3)
FNDA:0,(anonymous_4)
FNDA:0,(anonymous_5)
FNDA:0,(anonymous_6)
FNDA:0,(anonymous_7)
FNDA:0,(anonymous_8)
FNDA:0,(anonymous_9)
FNDA:0,(anonymous_10)
FNDA:0,(anonymous_11)
DA:1,0
DA:2,0
DA:35,0
DA:44,0
DA:49,0
DA:52,0
DA:53,0
DA:54,0
DA:55,0
DA:58,0
DA:61,0
DA:67,0
DA:72,0
DA:73,0
DA:74,0
DA:75,0
DA:79,0
DA:80,0
DA:83,0
DA:84,0
DA:86,0
DA:87,0
DA:90,0
DA:91,0
DA:94,0
DA:95,0
DA:97,0
DA:98,0
DA:101,0
DA:108,0
DA:110,0
DA:181,0
DA:206,0
DA:218,0
LF:34
LH:0
BRDA:53,0,0,0
BRDA:53,0,1,0
BRDA:54,1,0,0
BRDA:54,1,1,0
BRDA:54,2,0,0
BRDA:54,2,1,0
BRDA:57,3,0,0
BRDA:57,3,1,0
BRDA:74,4,0,0
BRDA:74,4,1,0
BRDA:74,5,0,0
BRDA:74,5,1,0
BRDA:86,6,0,0
BRDA:86,6,1,0
BRDA:97,7,0,0
BRDA:97,7,1,0
BRDA:108,8,0,0
BRDA:108,8,1,0
BRDA:164,9,0,0
BRDA:164,9,1,0
BRDA:184,10,0,0
BRDA:184,10,1,0
BRDA:188,11,0,0
BRDA:188,11,1,0
BRDA:229,12,0,0
BRDA:229,12,1,0
BRDA:250,13,0,0
BRDA:250,13,1,0
BRDA:252,14,0,0
BRDA:252,14,1,0
BRF:30
BRH:0
end_of_record
TN:
SF:src/components/ShipmentFormModal.tsx
FN:48,ShipmentFormModal
FN:68,(anonymous_2)
FN:76,(anonymous_3)
FN:83,(anonymous_4)
FN:94,(anonymous_5)
FN:98,(anonymous_6)
FN:104,(anonymous_7)
FN:128,(anonymous_8)
FN:129,(anonymous_9)
FN:136,(anonymous_10)
FN:139,(anonymous_11)
FN:223,(anonymous_12)
FN:243,(anonymous_13)
FN:250,(anonymous_14)
FN:273,(anonymous_15)
FN:298,(anonymous_16)
FN:326,(anonymous_17)
FN:358,(anonymous_18)
FN:386,(anonymous_19)
FN:391,(anonymous_20)
FN:412,(anonymous_21)
FNF:21
FNH:0
FNDA:0,ShipmentFormModal
FNDA:0,(anonymous_2)
FNDA:0,(anonymous_3)
FNDA:0,(anonymous_4)
FNDA:0,(anonymous_5)
FNDA:0,(anonymous_6)
FNDA:0,(anonymous_7)
FNDA:0,(anonymous_8)
FNDA:0,(anonymous_9)
FNDA:0,(anonymous_10)
FNDA:0,(anonymous_11)
FNDA:0,(anonymous_12)
FNDA:0,(anonymous_13)
FNDA:0,(anonymous_14)
FNDA:0,(anonymous_15)
FNDA:0,(anonymous_16)
FNDA:0,(anonymous_17)
FNDA:0,(anonymous_18)
FNDA:0,(anonymous_19)
FNDA:0,(anonymous_20)
FNDA:0,(anonymous_21)
DA:1,0
DA:2,0
DA:3,0
DA:40,0
DA:48,0
DA:56,0
DA:62,0
DA:63,0
DA:66,0
DA:69,0
DA:70,0
DA:76,0
DA:77,0
DA:78,0
DA:79,0
DA:80,0
DA:82,0
DA:83,0
DA:86,0
DA:89,0
DA:94,0
DA:95,0
DA:98,0
DA:99,0
DA:100,0
DA:104,0
DA:105,0
DA:106,0
DA:107,0
DA:117,0
DA:124,0
DA:128,0
DA:129,0
DA:130,0
DA:131,0
DA:135,0
DA:136,0
DA:139,0
DA:140,0
DA:142,0
DA:143,0
DA:146,0
DA:147,0
DA:150,0
DA:151,0
DA:154,0
DA:155,0
DA:158,0
DA:159,0
DA:162,0
DA:163,0
DA:166,0
DA:168,0
DA:224,0
DA:225,0
DA:226,0
DA:228,0
DA:243,0
DA:251,0
DA:274,0
DA:299,0
DA:327,0
DA:359,0
DA:387,0
DA:392,0
DA:413,0
LF:66
LH:0
BRDA:66,0,0,0
BRDA:80,1,0,0
BRDA:80,1,1,0
BRDA:99,2,0,0
BRDA:99,2,1,0
BRDA:99,3,0,0
BRDA:99,3,1,0
BRDA:105,4,0,0
BRDA:105,4,1,0
BRDA:106,5,0,0
BRDA:106,5,1,0
BRDA:106,6,0,0
BRDA:106,6,1,0
BRDA:130,7,0,0
BRDA:130,7,1,0
BRDA:130,8,0,0
BRDA:130,8,1,0
BRDA:142,9,0,0
BRDA:142,9,1,0
BRDA:142,10,0,0
BRDA:142,10,1,0
BRDA:146,11,0,0
BRDA:146,11,1,0
BRDA:150,12,0,0
BRDA:150,12,1,0
BRDA:154,13,0,0
BRDA:154,13,1,0
BRDA:158,14,0,0
BRDA:158,14,1,0
BRDA:158,15,0,0
BRDA:158,15,1,0
BRDA:166,16,0,0
BRDA:166,16,1,0
BRDA:219,17,0,0
BRDA:219,17,1,0
BRDA:225,18,0,0
BRDA:225,18,1,0
BRDA:245,19,0,0
BRDA:245,19,1,0
BRDA:247,20,0,0
BRDA:247,20,1,0
BRDA:252,21,0,0
BRDA:252,21,1,0
BRDA:252,21,2,0
BRDA:256,22,0,0
BRDA:256,22,1,0
BRDA:277,23,0,0
BRDA:277,23,1,0
BRDA:281,24,0,0
BRDA:281,24,1,0
BRDA:302,25,0,0
BRDA:302,25,1,0
BRDA:306,26,0,0
BRDA:306,26,1,0
BRDA:319,27,0,0
BRDA:319,27,1,0
BRDA:330,28,0,0
BRDA:330,28,1,0
BRDA:334,29,0,0
BRDA:334,29,1,0
BRDA:337,30,0,0
BRDA:337,30,1,0
BRDA:337,30,2,0
BRDA:337,30,3,0
BRDA:357,31,0,0
BRDA:357,31,1,0
BRDA:361,32,0,0
BRDA:361,32,1,0
BRDA:365,33,0,0
BRDA:365,33,1,0
BRDA:369,34,0,0
BRDA:369,34,1,0
BRDA:375,35,0,0
BRDA:375,35,1,0
BRDA:385,36,0,0
BRDA:385,36,1,0
BRDA:411,37,0,0
BRDA:411,37,1,0
BRDA:427,38,0,0
BRDA:427,38,1,0
BRDA:448,39,0,0
BRDA:448,39,1,0
BRDA:450,40,0,0
BRDA:450,40,1,0
BRF:84
BRH:0
end_of_record
TN:
SF:src/components/SupplyFormModal.tsx
FN:39,SupplyFormModal
FN:59,(anonymous_1)
FN:87,(anonymous_2)
FN:88,(anonymous_3)
FN:95,(anonymous_4)
FN:98,(anonymous_5)
FN:133,(anonymous_6)
FN:223,(anonymous_7)
FN:247,(anonymous_8)
FN:255,(anonymous_9)
FN:280,(anonymous_10)
FN:304,(anonymous_11)
FN:331,(anonymous_12)
FN:356,(anonymous_13)
FN:376,(anonymous_14)
FNF:15
FNH:0
FNDA:0,SupplyFormModal
FNDA:0,(anonymous_1)
FNDA:0,(anonymous_2)
FNDA:0,(anonymous_3)
FNDA:0,(anonymous_4)
FNDA:0,(anonymous_5)
FNDA:0,(anonymous_6)
FNDA:0,(anonymous_7)
FNDA:0,(anonymous_8)
FNDA:0,(anonymous_9)
FNDA:0,(anonymous_10)
FNDA:0,(anonymous_11)
FNDA:0,(anonymous_12)
FNDA:0,(anonymous_13)
FNDA:0,(anonymous_14)
DA:1,0
DA:31,0
DA:39,0
DA:47,0
DA:56,0
DA:59,0
DA:60,0
DA:61,0
DA:62,0
DA:72,0
DA:82,0
DA:87,0
DA:88,0
DA:89,0
DA:90,0
DA:94,0
DA:95,0
DA:98,0
DA:99,0
DA:101,0
DA:102,0
DA:105,0
DA:106,0
DA:109,0
DA:110,0
DA:112,0
DA:113,0
DA:114,0
DA:118,0
DA:119,0
DA:122,0
DA:123,0
DA:124,0
DA:125,0
DA:129,0
DA:130,0
DA:133,0
DA:134,0
DA:136,0
DA:137,0
DA:140,0
DA:151,0
DA:153,0
DA:224,0
DA:248,0
DA:256,0
DA:281,0
DA:305,0
DA:332,0
DA:357,0
DA:377,0
LF:51
LH:0
BRDA:60,0,0,0
BRDA:60,0,1,0
BRDA:61,1,0,0
BRDA:61,1,1,0
BRDA:61,2,0,0
BRDA:61,2,1,0
BRDA:67,3,0,0
BRDA:67,3,1,0
BRDA:68,4,0,0
BRDA:68,4,1,0
BRDA:69,5,0,0
BRDA:69,5,1,0
BRDA:89,6,0,0
BRDA:89,6,1,0
BRDA:89,7,0,0
BRDA:89,7,1,0
BRDA:101,8,0,0
BRDA:101,8,1,0
BRDA:105,9,0,0
BRDA:105,9,1,0
BRDA:109,10,0,0
BRDA:109,10,1,0
BRDA:113,11,0,0
BRDA:113,11,1,0
BRDA:113,12,0,0
BRDA:113,12,1,0
BRDA:118,13,0,0
BRDA:118,13,1,0
BRDA:122,14,0,0
BRDA:122,14,1,0
BRDA:124,15,0,0
BRDA:124,15,1,0
BRDA:124,16,0,0
BRDA:124,16,1,0
BRDA:136,17,0,0
BRDA:136,17,1,0
BRDA:145,18,0,0
BRDA:145,18,1,0
BRDA:151,19,0,0
BRDA:151,19,1,0
BRDA:207,20,0,0
BRDA:207,20,1,0
BRDA:227,21,0,0
BRDA:227,21,1,0
BRDA:231,22,0,0
BRDA:231,22,1,0
BRDA:251,23,0,0
BRDA:251,23,1,0
BRDA:261,24,0,0
BRDA:261,24,1,0
BRDA:284,25,0,0
BRDA:284,25,1,0
BRDA:288,26,0,0
BRDA:288,26,1,0
BRDA:308,27,0,0
BRDA:308,27,1,0
BRDA:312,28,0,0
BRDA:312,28,1,0
BRDA:335,29,0,0
BRDA:335,29,1,0
BRDA:339,30,0,0
BRDA:339,30,1,0
BRDA:391,31,0,0
BRDA:391,31,1,0
BRDA:412,32,0,0
BRDA:412,32,1,0
BRDA:414,33,0,0
BRDA:414,33,1,0
BRF:68
BRH:0
end_of_record
TN:
SF:src/components/ThemeProvider.tsx
FN:12,useTheme
FN:24,ThemeProvider
FNF:2
FNH:0
FNDA:0,useTheme
FNDA:0,ThemeProvider
DA:1,0
DA:2,0
DA:10,0
DA:12,0
DA:13,0
DA:14,0
DA:15,0
DA:17,0
DA:24,0
DA:25,0
DA:26,0
DA:27,0
DA:29,0
LF:13
LH:0
BRDA:14,0,0,0
BRDA:14,0,1,0
BRF:2
BRH:0
end_of_record
TN:
SF:src/components/ui/Button.tsx
FN:14,(anonymous_9)
FN:40,(anonymous_10)
FN:64,(anonymous_11)
FNF:3
FNH:0
FNDA:0,(anonymous_9)
FNDA:0,(anonymous_10)
FNDA:0,(anonymous_11)
DA:1,1
DA:13,1
DA:28,0
DA:40,0
DA:41,0
DA:43,0
DA:46,0
DA:48,0
DA:56,0
DA:64,0
DA:65,0
DA:98,0
DA:101,0
DA:108,0
DA:151,1
DA:153,1
LF:16
LH:4
BRDA:15,0,0,0
BRDA:16,1,0,0
BRDA:17,2,0,0
BRDA:19,3,0,0
BRDA:21,4,0,0
BRDA:22,5,0,0
BRDA:23,6,0,0
BRDA:34,7,0,0
BRDA:34,7,1,0
BRDA:35,8,0,0
BRDA:35,8,1,0
BRDA:36,9,0,0
BRDA:36,9,1,0
BRDA:41,10,0,0
BRDA:41,10,1,0
BRDA:43,11,0,0
BRDA:43,11,1,0
BRDA:46,12,0,0
BRDA:46,12,1,0
BRDA:103,13,0,0
BRDA:103,13,1,0
BRDA:112,14,0,0
BRDA:112,14,1,0
BRDA:113,15,0,0
BRDA:113,15,1,0
BRDA:114,16,0,0
BRDA:114,16,1,0
BRDA:114,17,0,0
BRDA:114,17,1,0
BRDA:117,18,0,0
BRDA:117,18,1,0
BRDA:140,19,0,0
BRDA:140,19,1,0
BRF:33
BRH:0
end_of_record
TN:
SF:src/components/ui/Card.tsx
FN:12,Card
FN:23,(anonymous_2)
FN:67,(anonymous_3)
FN:86,CardHeader
FN:104,CardTitle
FN:122,CardContent
FN:144,CardFooter
FNF:7
FNH:0
FNDA:0,Card
FNDA:0,(anonymous_2)
FNDA:0,(anonymous_3)
FNDA:0,CardHeader
FNDA:0,CardTitle
FNDA:0,CardContent
FNDA:0,CardFooter
DA:1,1
DA:12,1
DA:23,0
DA:24,0
DA:26,0
DA:31,0
DA:33,0
DA:36,0
DA:40,0
DA:48,0
DA:49,0
DA:58,0
DA:60,0
DA:68,0
DA:69,0
DA:70,0
DA:86,1
DA:87,0
DA:104,1
DA:105,0
DA:122,1
DA:123,0
DA:131,0
DA:144,1
DA:145,0
LF:25
LH:6
BRDA:14,0,0,0
BRDA:15,1,0,0
BRDA:16,2,0,0
BRDA:18,3,0,0
BRDA:24,4,0,0
BRDA:24,4,1,0
BRDA:24,4,2,0
BRDA:24,4,3,0
BRDA:24,4,4,0
BRDA:28,5,0,0
BRDA:28,5,1,0
BRDA:52,6,0,0
BRDA:52,6,1,0
BRDA:53,7,0,0
BRDA:53,7,1,0
BRDA:58,8,0,0
BRDA:58,8,1,0
BRDA:64,9,0,0
BRDA:64,9,1,0
BRDA:65,10,0,0
BRDA:65,10,1,0
BRDA:66,11,0,0
BRDA:66,11,1,0
BRDA:67,12,0,0
BRDA:67,12,1,0
BRDA:68,13,0,0
BRDA:68,13,1,0
BRDA:68,14,0,0
BRDA:68,14,1,0
BRDA:86,15,0,0
BRDA:104,16,0,0
BRDA:104,17,0,0
BRDA:122,18,0,0
BRDA:122,19,0,0
BRDA:144,20,0,0
BRF:35
BRH:0
end_of_record
TN:
SF:src/components/ui/ConfirmationDialog.tsx
FN:16,ConfirmationDialog
FN:27,(anonymous_2)
FNF:2
FNH:0
FNDA:0,ConfirmationDialog
FNDA:0,(anonymous_2)
DA:2,0
DA:16,0
DA:27,0
DA:28,0
DA:30,0
DA:44,0
DA:59,0
DA:75,0
DA:77,0
LF:9
LH:0
BRDA:22,0,0,0
BRDA:23,1,0,0
BRDA:24,2,0,0
BRDA:25,3,0,0
BRDA:28,4,0,0
BRDA:28,4,1,0
BRDA:28,4,2,0
BRDA:28,4,3,0
BRDA:128,5,0,0
BRDA:128,5,1,0
BRF:10
BRH:0
end_of_record
TN:
SF:src/components/ui/Container.tsx
FN:11,Container
FN:59,Section
FNF:2
FNH:0
FNDA:0,Container
FNDA:0,Section
DA:1,1
DA:11,1
DA:19,0
DA:28,0
DA:36,0
DA:44,0
DA:59,1
DA:65,0
DA:71,0
DA:79,0
DA:86,0
LF:11
LH:3
BRDA:13,0,0,0
BRDA:14,1,0,0
BRDA:15,2,0,0
BRDA:16,3,0,0
BRDA:40,4,0,0
BRDA:40,4,1,0
BRDA:61,5,0,0
BRDA:62,6,0,0
BRDA:63,7,0,0
BRF:9
BRH:0
end_of_record
TN:
SF:src/components/ui/Flex.tsx
FN:30,Flex
FNF:1
FNH:0
FNDA:0,Flex
DA:1,0
DA:30,0
DA:40,0
DA:47,0
DA:55,0
DA:64,0
DA:70,0
DA:78,0
DA:90,0
DA:101,0
LF:10
LH:0
BRDA:32,0,0,0
BRDA:33,1,0,0
BRDA:34,2,0,0
BRDA:35,3,0,0
BRDA:36,4,0,0
BRDA:38,5,0,0
BRDA:78,6,0,0
BRDA:78,6,1,0
BRDA:79,7,0,0
BRDA:79,7,1,0
BRDA:80,8,0,0
BRDA:80,8,1,0
BRDA:81,9,0,0
BRDA:81,9,1,0
BRDA:82,10,0,0
BRDA:82,10,1,0
BRDA:83,11,0,0
BRDA:83,11,1,0
BRDA:84,12,0,0
BRDA:84,12,1,0
BRDA:85,13,0,0
BRDA:85,13,1,0
BRDA:86,14,0,0
BRDA:86,14,1,0
BRDA:87,15,0,0
BRDA:87,15,1,0
BRF:26
BRH:0
end_of_record
TN:
SF:src/components/ui/FormModal.tsx
FN:20,FormModal
FN:34,(anonymous_2)
FNF:2
FNH:0
FNDA:0,FormModal
FNDA:0,(anonymous_2)
DA:1,0
DA:2,0
DA:3,0
DA:20,0
DA:34,0
DA:35,0
DA:42,0
DA:44,0
DA:46,0
DA:49,0
DA:53,0
LF:11
LH:0
BRDA:26,0,0,0
BRDA:27,1,0,0
BRDA:28,2,0,0
BRDA:29,3,0,0
BRDA:30,4,0,0
BRDA:31,5,0,0
BRDA:32,6,0,0
BRDA:42,7,0,0
BRDA:42,7,1,0
BRDA:42,7,2,0
BRDA:42,7,3,0
BRDA:66,8,0,0
BRDA:66,8,1,0
BRDA:73,9,0,0
BRDA:73,9,1,0
BRF:15
BRH:0
end_of_record
TN:
SF:src/components/ui/Grid.tsx
FN:16,Grid
FN:78,GridItem
FN:136,ResponsiveGrid
FNF:3
FNH:0
FNDA:0,Grid
FNDA:0,GridItem
FNDA:0,ResponsiveGrid
DA:1,0
DA:16,0
DA:24,0
DA:34,0
DA:42,0
DA:49,0
DA:57,0
DA:78,0
DA:85,0
DA:95,0
DA:104,0
DA:115,0
DA:122,0
DA:136,0
DA:137,0
LF:15
LH:0
BRDA:18,0,0,0
BRDA:19,1,0,0
BRDA:21,2,0,0
BRDA:42,3,0,0
BRDA:42,3,1,0
BRDA:43,4,0,0
BRDA:43,4,1,0
BRDA:44,5,0,0
BRDA:44,5,1,0
BRDA:45,6,0,0
BRDA:45,6,1,0
BRDA:46,7,0,0
BRDA:46,7,1,0
BRDA:83,8,0,0
BRDA:85,9,0,0
BRDA:85,9,1,0
BRDA:95,10,0,0
BRDA:95,10,1,0
BRDA:104,11,0,0
BRDA:104,11,1,0
BRDA:105,12,0,0
BRDA:105,12,1,0
BRDA:106,13,0,0
BRDA:106,13,1,0
BRDA:107,14,0,0
BRDA:107,14,1,0
BRDA:108,15,0,0
BRDA:108,15,1,0
BRDA:109,16,0,0
BRDA:109,16,1,0
BRDA:110,17,0,0
BRDA:110,17,1,0
BRDA:111,18,0,0
BRDA:111,18,1,0
BRDA:112,19,0,0
BRDA:112,19,1,0
BRDA:136,20,0,0
BRF:37
BRH:0
end_of_record
TN:
SF:src/components/ui/Input.tsx
FN:13,(anonymous_9)
FN:29,(anonymous_10)
FN:77,(anonymous_11)
FN:78,(anonymous_12)
FN:114,(anonymous_13)
FN:115,(anonymous_14)
FNF:6
FNH:0
FNDA:0,(anonymous_9)
FNDA:0,(anonymous_10)
FNDA:0,(anonymous_11)
FNDA:0,(anonymous_12)
FNDA:0,(anonymous_13)
FNDA:0,(anonymous_14)
DA:1,1
DA:12,1
DA:25,0
DA:26,0
DA:29,0
DA:30,0
DA:50,0
DA:52,0
DA:53,0
DA:54,0
DA:55,0
DA:57,0
DA:77,0
DA:78,0
DA:95,0
DA:96,0
DA:97,0
DA:99,0
DA:114,0
DA:115,0
DA:137,1
DA:139,1
LF:22
LH:4
BRDA:17,0,0,0
BRDA:20,1,0,0
BRDA:26,2,0,0
BRDA:26,2,1,0
BRDA:38,3,0,0
BRDA:38,3,1,0
BRDA:43,4,0,0
BRDA:43,4,1,0
BRDA:43,5,0,0
BRDA:43,5,1,0
BRDA:52,6,0,0
BRDA:52,6,1,0
BRDA:53,7,0,0
BRDA:53,7,1,0
BRDA:54,8,0,0
BRDA:54,8,1,0
BRDA:55,9,0,0
BRDA:55,9,1,0
BRDA:55,10,0,0
BRDA:55,10,1,0
BRDA:59,11,0,0
BRDA:59,11,1,0
BRDA:65,12,0,0
BRDA:65,12,1,0
BRDA:74,13,0,0
BRDA:74,13,1,0
BRDA:74,14,0,0
BRDA:74,14,1,0
BRDA:79,15,0,0
BRDA:79,15,1,0
BRDA:80,16,0,0
BRDA:80,16,1,0
BRDA:82,17,0,0
BRDA:82,17,1,0
BRDA:88,18,0,0
BRDA:88,18,1,0
BRDA:89,19,0,0
BRDA:89,19,1,0
BRDA:89,19,2,0
BRDA:95,20,0,0
BRDA:95,20,1,0
BRDA:96,21,0,0
BRDA:96,21,1,0
BRDA:97,22,0,0
BRDA:97,22,1,0
BRDA:97,23,0,0
BRDA:97,23,1,0
BRDA:102,24,0,0
BRDA:102,24,1,0
BRDA:111,25,0,0
BRDA:111,25,1,0
BRDA:111,26,0,0
BRDA:111,26,1,0
BRDA:112,27,0,0
BRDA:112,27,1,0
BRDA:116,28,0,0
BRDA:116,28,1,0
BRDA:117,29,0,0
BRDA:117,29,1,0
BRDA:119,30,0,0
BRDA:119,30,1,0
BRDA:124,31,0,0
BRDA:124,31,1,0
BRDA:130,32,0,0
BRDA:130,32,1,0
BRDA:131,33,0,0
BRDA:131,33,1,0
BRDA:131,33,2,0
BRF:68
BRH:0
end_of_record
TN:
SF:src/components/ui/KeyboardNavigation.tsx
FN:7,useFocusManagement
FN:16,(anonymous_1)
FN:29,(anonymous_2)
FN:36,(anonymous_3)
FN:58,(anonymous_4)
FN:61,(anonymous_5)
FNF:6
FNH:0
FNDA:0,useFocusManagement
FNDA:0,(anonymous_1)
FNDA:0,(anonymous_2)
FNDA:0,(anonymous_3)
FNDA:0,(anonymous_4)
FNDA:0,(anonymous_5)
DA:1,0
DA:7,0
DA:12,0
DA:13,0
DA:14,0
DA:16,0
DA:17,0
DA:18,0
DA:21,0
DA:22,0
DA:26,0
DA:29,0
DA:30,0
DA:31,0
DA:36,0
DA:37,0
DA:38,0
DA:41,0
DA:42,0
DA:44,0
DA:45,0
DA:46,0
DA:47,0
DA:50,0
DA:51,0
DA:52,0
DA:58,0
DA:59,0
DA:60,0
DA:61,0
DA:65,0
LF:31
LH:0
BRDA:7,0,0,0
BRDA:12,1,0,0
BRDA:12,2,0,0
BRDA:12,3,0,0
BRDA:17,4,0,0
BRDA:17,4,1,0
BRDA:21,5,0,0
BRDA:21,5,1,0
BRDA:21,6,0,0
BRDA:21,6,1,0
BRDA:30,7,0,0
BRDA:30,7,1,0
BRDA:30,8,0,0
BRDA:30,8,1,0
BRDA:37,9,0,0
BRDA:37,9,1,0
BRDA:37,10,0,0
BRDA:37,10,1,0
BRDA:37,10,2,0
BRDA:44,11,0,0
BRDA:44,11,1,0
BRDA:45,12,0,0
BRDA:45,12,1,0
BRDA:50,13,0,0
BRDA:50,13,1,0
BRDA:59,14,0,0
BRDA:59,14,1,0
BRF:27
BRH:0
end_of_record
TN:
SF:src/components/ui/LoadingOverlay.tsx
FN:11,LoadingOverlay
FN:17,(anonymous_1)
FN:83,LoadingSpinner
FN:84,(anonymous_3)
FNF:4
FNH:0
FNDA:0,LoadingOverlay
FNDA:0,(anonymous_1)
FNDA:0,LoadingSpinner
FNDA:0,(anonymous_3)
DA:2,0
DA:11,0
DA:17,0
DA:18,0
DA:20,0
DA:22,0
DA:24,0
DA:26,0
DA:30,0
DA:33,0
DA:74,0
DA:83,0
DA:84,0
DA:85,0
DA:87,0
DA:89,0
DA:91,0
DA:93,0
DA:97,0
LF:19
LH:0
BRDA:13,0,0,0
BRDA:14,1,0,0
BRDA:15,2,0,0
BRDA:18,3,0,0
BRDA:18,3,1,0
BRDA:18,3,2,0
BRDA:18,3,3,0
BRDA:30,4,0,0
BRDA:30,4,1,0
BRDA:39,5,0,0
BRDA:39,5,1,0
BRDA:66,6,0,0
BRDA:66,6,1,0
BRDA:83,7,0,0
BRDA:83,8,0,0
BRDA:85,9,0,0
BRDA:85,9,1,0
BRDA:85,9,2,0
BRDA:85,9,3,0
BRF:19
BRH:0
end_of_record
TN:
SF:src/components/ui/Modal.tsx
FN:19,Modal
FN:40,(anonymous_10)
FN:62,(anonymous_11)
FN:68,(anonymous_12)
FN:69,(anonymous_13)
FN:103,(anonymous_14)
FN:106,(anonymous_15)
FN:112,(anonymous_16)
FNF:8
FNH:0
FNDA:0,Modal
FNDA:0,(anonymous_10)
FNDA:0,(anonymous_11)
FNDA:0,(anonymous_12)
FNDA:0,(anonymous_13)
FNDA:0,(anonymous_14)
FNDA:0,(anonymous_15)
FNDA:0,(anonymous_16)
DA:1,0
DA:2,0
DA:3,0
DA:19,0
DA:32,0
DA:37,0
DA:40,0
DA:41,0
DA:43,0
DA:46,0
DA:47,0
DA:51,0
DA:54,0
DA:55,0
DA:59,0
DA:62,0
DA:63,0
DA:68,0
DA:69,0
DA:70,0
DA:72,0
DA:73,0
DA:74,0
DA:78,0
DA:79,0
DA:80,0
DA:82,0
DA:85,0
DA:86,0
DA:88,0
DA:89,0
DA:90,0
DA:91,0
DA:94,0
DA:95,0
DA:96,0
DA:102,0
DA:103,0
DA:106,0
DA:107,0
DA:108,0
DA:112,0
DA:113,0
DA:115,0
DA:117,0
DA:119,0
DA:121,0
DA:123,0
DA:127,0
DA:130,0
DA:211,0
LF:51
LH:0
BRDA:24,0,0,0
BRDA:25,1,0,0
BRDA:26,2,0,0
BRDA:27,3,0,0
BRDA:28,4,0,0
BRDA:41,5,0,0
BRDA:41,5,1,0
BRDA:46,6,0,0
BRDA:46,6,1,0
BRDA:54,7,0,0
BRDA:54,7,1,0
BRDA:70,8,0,0
BRDA:70,8,1,0
BRDA:72,9,0,0
BRDA:72,9,1,0
BRDA:72,10,0,0
BRDA:72,10,1,0
BRDA:78,11,0,0
BRDA:78,11,1,0
BRDA:80,12,0,0
BRDA:80,12,1,0
BRDA:88,13,0,0
BRDA:88,13,1,0
BRDA:89,14,0,0
BRDA:89,14,1,0
BRDA:94,15,0,0
BRDA:94,15,1,0
BRDA:107,16,0,0
BRDA:107,16,1,0
BRDA:107,17,0,0
BRDA:107,17,1,0
BRDA:113,18,0,0
BRDA:113,18,1,0
BRDA:113,18,2,0
BRDA:113,18,3,0
BRDA:113,18,4,0
BRDA:127,19,0,0
BRDA:127,19,1,0
BRDA:134,20,0,0
BRDA:134,20,1,0
BRDA:134,21,0,0
BRDA:134,21,1,0
BRDA:165,22,0,0
BRDA:165,22,1,0
BRDA:193,23,0,0
BRDA:193,23,1,0
BRF:46
BRH:0
end_of_record
TN:
SF:src/components/ui/Select.tsx
FN:22,Select
FN:40,(anonymous_10)
FN:43,(anonymous_11)
FN:46,(anonymous_12)
FN:56,(anonymous_13)
FN:57,handleClickOutside
FN:65,(anonymous_15)
FN:69,(anonymous_16)
FN:104,(anonymous_17)
FN:112,(anonymous_18)
FN:148,(anonymous_19)
FN:182,(anonymous_20)
FN:193,(anonymous_21)
FN:199,(anonymous_22)
FNF:14
FNH:0
FNDA:0,Select
FNDA:0,(anonymous_10)
FNDA:0,(anonymous_11)
FNDA:0,(anonymous_12)
FNDA:0,(anonymous_13)
FNDA:0,handleClickOutside
FNDA:0,(anonymous_15)
FNDA:0,(anonymous_16)
FNDA:0,(anonymous_17)
FNDA:0,(anonymous_18)
FNDA:0,(anonymous_19)
FNDA:0,(anonymous_20)
FNDA:0,(anonymous_21)
FNDA:0,(anonymous_22)
DA:1,0
DA:22,0
DA:34,0
DA:35,0
DA:36,0
DA:37,0
DA:38,0
DA:40,0
DA:43,0
DA:44,0
DA:45,0
DA:47,0
DA:51,0
DA:56,0
DA:58,0
DA:59,0
DA:60,0
DA:64,0
DA:65,0
DA:69,0
DA:70,0
DA:71,0
DA:76,0
DA:104,0
DA:105,0
DA:106,0
DA:108,0
DA:109,0
DA:112,0
DA:113,0
DA:114,0
DA:115,0
DA:116,0
DA:117,0
DA:118,0
DA:119,0
DA:120,0
DA:121,0
DA:122,0
DA:125,0
DA:126,0
DA:131,0
DA:132,0
DA:133,0
DA:134,0
DA:136,0
DA:148,0
DA:182,0
DA:194,0
DA:199,0
LF:50
LH:0
BRDA:26,0,0,0
BRDA:30,1,0,0
BRDA:31,2,0,0
BRDA:32,3,0,0
BRDA:44,4,0,0
BRDA:44,4,1,0
BRDA:44,5,0,0
BRDA:44,5,1,0
BRDA:58,6,0,0
BRDA:58,6,1,0
BRDA:58,7,0,0
BRDA:58,7,1,0
BRDA:70,8,0,0
BRDA:70,8,1,0
BRDA:70,9,0,0
BRDA:70,9,1,0
BRDA:70,9,2,0
BRDA:84,10,0,0
BRDA:84,10,1,0
BRDA:85,11,0,0
BRDA:85,11,1,0
BRDA:105,12,0,0
BRDA:105,12,1,0
BRDA:113,13,0,0
BRDA:113,13,1,0
BRDA:113,14,0,0
BRDA:113,14,1,0
BRDA:116,15,0,0
BRDA:116,15,1,0
BRDA:119,16,0,0
BRDA:119,16,1,0
BRDA:121,17,0,0
BRDA:121,17,1,0
BRDA:125,18,0,0
BRDA:125,18,1,0
BRDA:133,19,0,0
BRDA:133,19,1,0
BRDA:134,20,0,0
BRDA:134,20,1,0
BRDA:134,21,0,0
BRDA:134,21,1,0
BRDA:138,22,0,0
BRDA:138,22,1,0
BRDA:148,23,0,0
BRDA:148,23,1,0
BRDA:150,24,0,0
BRDA:150,24,1,0
BRDA:155,25,0,0
BRDA:155,25,1,0
BRDA:156,26,0,0
BRDA:156,26,1,0
BRDA:157,27,0,0
BRDA:157,27,1,0
BRDA:159,28,0,0
BRDA:159,28,1,0
BRDA:160,29,0,0
BRDA:160,29,1,0
BRDA:163,30,0,0
BRDA:163,30,1,0
BRDA:173,31,0,0
BRDA:173,31,1,0
BRDA:175,32,0,0
BRDA:175,32,1,0
BRDA:187,33,0,0
BRDA:187,33,1,0
BRDA:188,34,0,0
BRDA:188,34,1,0
BRDA:197,35,0,0
BRDA:197,35,1,0
BRDA:198,36,0,0
BRDA:198,36,1,0
BRDA:199,37,0,0
BRDA:199,37,1,0
BRDA:213,38,0,0
BRDA:213,38,1,0
BRDA:214,39,0,0
BRDA:214,39,1,0
BRDA:214,39,2,0
BRF:78
BRH:0
end_of_record
TN:
SF:src/components/ui/Stack.tsx
FN:10,Stack
FN:57,HStack
FNF:2
FNH:0
FNDA:0,Stack
FNDA:0,HStack
DA:1,0
DA:10,0
DA:16,0
DA:26,0
DA:33,0
DA:40,0
DA:57,0
DA:65,0
DA:75,0
DA:83,0
DA:92,0
DA:101,0
LF:12
LH:0
BRDA:12,0,0,0
BRDA:13,1,0,0
BRDA:14,2,0,0
BRDA:59,3,0,0
BRDA:60,4,0,0
BRDA:61,5,0,0
BRDA:62,6,0,0
BRDA:63,7,0,0
BRDA:94,8,0,0
BRDA:94,8,1,0
BRF:10
BRH:0
end_of_record
TN:
SF:src/components/ui/Status.tsx
FN:17,StatusBadge
FN:27,(anonymous_2)
FN:65,(anonymous_3)
FN:81,(anonymous_4)
FN:100,(anonymous_5)
FN:125,ProgressBar
FN:139,(anonymous_7)
FN:211,Timeline
FN:224,(anonymous_9)
FN:240,(anonymous_10)
FN:261,(anonymous_11)
FN:268,(anonymous_12)
FN:311,(anonymous_13)
FNF:13
FNH:0
FNDA:0,StatusBadge
FNDA:0,(anonymous_2)
FNDA:0,(anonymous_3)
FNDA:0,(anonymous_4)
FNDA:0,(anonymous_5)
FNDA:0,ProgressBar
FNDA:0,(anonymous_7)
FNDA:0,Timeline
FNDA:0,(anonymous_9)
FNDA:0,(anonymous_10)
FNDA:0,(anonymous_11)
FNDA:0,(anonymous_12)
FNDA:0,(anonymous_13)
DA:1,1
DA:17,1
DA:27,0
DA:28,0
DA:30,0
DA:61,0
DA:65,0
DA:67,0
DA:70,0
DA:71,0
DA:74,0
DA:81,0
DA:82,0
DA:84,0
DA:86,0
DA:89,0
DA:93,0
DA:100,0
DA:102,0
DA:125,1
DA:136,0
DA:139,0
DA:140,0
DA:150,0
DA:153,0
DA:159,0
DA:166,0
DA:172,0
DA:211,1
DA:214,0
DA:224,0
DA:225,0
DA:227,0
DA:229,0
DA:231,0
DA:233,0
DA:236,0
DA:240,0
DA:241,0
DA:243,0
DA:249,0
DA:255,0
DA:257,0
DA:261,0
DA:262,0
DA:263,0
DA:266,0
DA:269,0
DA:312,0
LF:49
LH:4
BRDA:19,0,0,0
BRDA:20,1,0,0
BRDA:22,2,0,0
BRDA:61,3,0,0
BRDA:61,3,1,0
BRDA:70,4,0,0
BRDA:70,4,1,0
BRDA:71,5,0,0
BRDA:71,5,1,0
BRDA:82,6,0,0
BRDA:82,6,1,0
BRDA:82,6,2,0
BRDA:82,6,3,0
BRDA:84,7,0,0
BRDA:84,7,1,0
BRDA:86,8,0,0
BRDA:86,8,1,0
BRDA:104,9,0,0
BRDA:104,9,1,0
BRDA:107,10,0,0
BRDA:107,10,1,0
BRDA:127,11,0,0
BRDA:128,12,0,0
BRDA:129,13,0,0
BRDA:130,14,0,0
BRDA:131,15,0,0
BRDA:133,16,0,0
BRDA:162,17,0,0
BRDA:162,17,1,0
BRDA:163,18,0,0
BRDA:163,18,1,0
BRDA:174,19,0,0
BRDA:174,19,1,0
BRDA:174,19,2,0
BRDA:176,20,0,0
BRDA:176,20,1,0
BRDA:211,21,0,0
BRDA:211,22,0,0
BRDA:227,23,0,0
BRDA:227,23,1,0
BRDA:227,23,2,0
BRDA:227,23,3,0
BRDA:227,23,4,0
BRDA:241,24,0,0
BRDA:241,24,1,0
BRDA:241,24,2,0
BRDA:241,24,3,0
BRDA:271,25,0,0
BRDA:271,25,1,0
BRDA:281,26,0,0
BRDA:281,26,1,0
BRDA:285,27,0,0
BRDA:285,27,1,0
BRDA:288,28,0,0
BRDA:288,28,1,0
BRDA:299,29,0,0
BRDA:299,29,1,0
BRDA:301,30,0,0
BRDA:301,30,1,0
BRDA:307,31,0,0
BRDA:307,31,1,0
BRDA:307,31,2,0
BRDA:309,32,0,0
BRDA:309,32,1,0
BRF:64
BRH:0
end_of_record
TN:
SF:src/components/ui/Table.tsx
FN:66,Table
FN:85,(anonymous_10)
FN:93,(anonymous_11)
FN:94,(anonymous_12)
FN:97,(anonymous_13)
FN:109,(anonymous_14)
FN:112,(anonymous_15)
FN:115,(anonymous_16)
FN:152,(anonymous_17)
FN:157,(anonymous_18)
FN:167,(anonymous_19)
FN:196,(anonymous_20)
FN:219,(anonymous_21)
FN:224,(anonymous_22)
FN:227,(anonymous_23)
FN:259,(anonymous_24)
FN:297,(anonymous_25)
FN:311,(anonymous_26)
FN:313,(anonymous_27)
FN:329,(anonymous_28)
FN:334,(anonymous_29)
FN:343,(anonymous_30)
FN:370,(anonymous_31)
FN:392,(anonymous_32)
FN:405,(anonymous_33)
FN:408,(anonymous_34)
FN:409,(anonymous_35)
FN:419,(anonymous_36)
FN:452,Pagination
FN:475,(anonymous_38)
FN:481,(anonymous_39)
FN:486,(anonymous_40)
FN:501,(anonymous_41)
FN:539,(anonymous_42)
FN:543,(anonymous_43)
FN:555,(anonymous_44)
FN:569,(anonymous_45)
FNF:37
FNH:0
FNDA:0,Table
FNDA:0,(anonymous_10)
FNDA:0,(anonymous_11)
FNDA:0,(anonymous_12)
FNDA:0,(anonymous_13)
FNDA:0,(anonymous_14)
FNDA:0,(anonymous_15)
FNDA:0,(anonymous_16)
FNDA:0,(anonymous_17)
FNDA:0,(anonymous_18)
FNDA:0,(anonymous_19)
FNDA:0,(anonymous_20)
FNDA:0,(anonymous_21)
FNDA:0,(anonymous_22)
FNDA:0,(anonymous_23)
FNDA:0,(anonymous_24)
FNDA:0,(anonymous_25)
FNDA:0,(anonymous_26)
FNDA:0,(anonymous_27)
FNDA:0,(anonymous_28)
FNDA:0,(anonymous_29)
FNDA:0,(anonymous_30)
FNDA:0,(anonymous_31)
FNDA:0,(anonymous_32)
FNDA:0,(anonymous_33)
FNDA:0,(anonymous_34)
FNDA:0,(anonymous_35)
FNDA:0,(anonymous_36)
FNDA:0,Pagination
FNDA:0,(anonymous_38)
FNDA:0,(anonymous_39)
FNDA:0,(anonymous_40)
FNDA:0,(anonymous_41)
FNDA:0,(anonymous_42)
FNDA:0,(anonymous_43)
FNDA:0,(anonymous_44)
FNDA:0,(anonymous_45)
DA:1,1
DA:66,1
DA:82,0
DA:85,0
DA:86,0
DA:87,0
DA:89,0
DA:93,0
DA:94,0
DA:95,0
DA:97,0
DA:98,0
DA:100,0
DA:101,0
DA:103,0
DA:109,0
DA:110,0
DA:112,0
DA:113,0
DA:115,0
DA:116,0
DA:117,0
DA:119,0
DA:120,0
DA:121,0
DA:123,0
DA:128,0
DA:139,0
DA:145,0
DA:152,0
DA:153,0
DA:157,0
DA:158,0
DA:164,0
DA:167,0
DA:168,0
DA:169,0
DA:176,0
DA:177,0
DA:184,0
DA:185,0
DA:192,0
DA:196,0
DA:197,0
DA:198,0
DA:205,0
DA:206,0
DA:209,0
DA:213,0
DA:214,0
DA:220,0
DA:225,0
DA:228,0
DA:239,0
DA:240,0
DA:260,0
DA:288,0
DA:289,0
DA:291,0
DA:297,0
DA:312,0
DA:313,0
DA:314,0
DA:316,0
DA:330,0
DA:334,0
DA:344,0
DA:345,0
DA:346,0
DA:371,0
DA:372,0
DA:373,0
DA:375,0
DA:393,0
DA:394,0
DA:395,0
DA:406,0
DA:408,0
DA:409,0
DA:410,0
DA:412,0
DA:420,0
DA:452,1
DA:462,0
DA:463,0
DA:464,0
DA:467,0
DA:475,0
DA:476,0
DA:477,0
DA:481,0
DA:482,0
DA:483,0
DA:486,0
DA:487,0
DA:488,0
DA:490,0
DA:491,0
DA:493,0
DA:494,0
DA:497,0
DA:498,0
DA:501,0
DA:513,0
DA:516,0
DA:518,0
DA:520,0
DA:539,0
DA:544,0
DA:555,0
DA:569,0
LF:111
LH:3
BRDA:69,0,0,0
BRDA:73,1,0,0
BRDA:74,2,0,0
BRDA:75,3,0,0
BRDA:76,4,0,0
BRDA:77,5,0,0
BRDA:78,6,0,0
BRDA:79,7,0,0
BRDA:80,8,0,0
BRDA:86,9,0,0
BRDA:86,9,1,0
BRDA:89,10,0,0
BRDA:89,10,1,0
BRDA:95,11,0,0
BRDA:95,11,1,0
BRDA:98,12,0,0
BRDA:98,12,1,0
BRDA:100,13,0,0
BRDA:100,13,1,0
BRDA:100,14,0,0
BRDA:100,14,1,0
BRDA:101,15,0,0
BRDA:101,15,1,0
BRDA:110,16,0,0
BRDA:110,16,1,0
BRDA:110,17,0,0
BRDA:110,17,1,0
BRDA:113,18,0,0
BRDA:113,18,1,0
BRDA:116,19,0,0
BRDA:116,19,1,0
BRDA:117,20,0,0
BRDA:117,20,1,0
BRDA:120,21,0,0
BRDA:120,21,1,0
BRDA:121,22,0,0
BRDA:121,22,1,0
BRDA:123,23,0,0
BRDA:123,23,1,0
BRDA:153,24,0,0
BRDA:153,24,1,0
BRDA:158,25,0,0
BRDA:158,25,1,0
BRDA:158,25,2,0
BRDA:158,25,3,0
BRDA:168,26,0,0
BRDA:168,26,1,0
BRDA:176,27,0,0
BRDA:176,27,1,0
BRDA:184,28,0,0
BRDA:184,28,1,0
BRDA:197,29,0,0
BRDA:197,29,1,0
BRDA:199,30,0,0
BRDA:199,30,1,0
BRDA:205,31,0,0
BRDA:205,31,1,0
BRDA:213,32,0,0
BRDA:213,32,1,0
BRDA:239,33,0,0
BRDA:239,33,1,0
BRDA:239,34,0,0
BRDA:239,34,1,0
BRDA:245,35,0,0
BRDA:245,35,1,0
BRDA:247,36,0,0
BRDA:247,36,1,0
BRDA:262,37,0,0
BRDA:262,37,1,0
BRDA:262,38,0,0
BRDA:262,38,1,0
BRDA:275,39,0,0
BRDA:275,39,1,0
BRDA:293,40,0,0
BRDA:293,40,1,0
BRDA:297,41,0,0
BRDA:297,41,1,0
BRDA:297,42,0,0
BRDA:297,42,1,0
BRDA:301,43,0,0
BRDA:301,43,1,0
BRDA:303,44,0,0
BRDA:303,44,1,0
BRDA:310,45,0,0
BRDA:310,45,1,0
BRDA:312,46,0,0
BRDA:312,46,1,0
BRDA:323,47,0,0
BRDA:323,47,1,0
BRDA:323,48,0,0
BRDA:323,48,1,0
BRDA:332,49,0,0
BRDA:332,49,1,0
BRDA:332,50,0,0
BRDA:332,50,1,0
BRDA:332,51,0,0
BRDA:332,51,1,0
BRDA:334,52,0,0
BRDA:334,52,1,0
BRDA:338,53,0,0
BRDA:338,53,1,0
BRDA:339,54,0,0
BRDA:339,54,1,0
BRDA:340,55,0,0
BRDA:340,55,1,0
BRDA:342,56,0,0
BRDA:342,56,1,0
BRDA:344,57,0,0
BRDA:344,57,1,0
BRDA:344,58,0,0
BRDA:344,58,1,0
BRDA:344,58,2,0
BRDA:352,59,0,0
BRDA:352,59,1,0
BRDA:358,60,0,0
BRDA:358,60,1,0
BRDA:360,61,0,0
BRDA:360,61,1,0
BRDA:361,62,0,0
BRDA:361,62,1,0
BRDA:361,63,0,0
BRDA:361,63,1,0
BRDA:373,64,0,0
BRDA:373,64,1,0
BRDA:380,65,0,0
BRDA:380,65,1,0
BRDA:381,66,0,0
BRDA:381,66,1,0
BRDA:382,67,0,0
BRDA:382,67,1,0
BRDA:383,68,0,0
BRDA:383,68,1,0
BRDA:384,69,0,0
BRDA:384,69,1,0
BRDA:385,70,0,0
BRDA:385,70,1,0
BRDA:391,71,0,0
BRDA:391,71,1,0
BRDA:393,72,0,0
BRDA:393,72,1,0
BRDA:393,73,0,0
BRDA:393,73,1,0
BRDA:393,73,2,0
BRDA:399,74,0,0
BRDA:399,74,1,0
BRDA:400,75,0,0
BRDA:400,75,1,0
BRDA:406,76,0,0
BRDA:406,76,1,0
BRDA:415,77,0,0
BRDA:415,77,1,0
BRDA:422,78,0,0
BRDA:422,78,1,0
BRDA:422,79,0,0
BRDA:422,79,1,0
BRDA:436,80,0,0
BRDA:436,80,1,0
BRDA:457,81,0,0
BRDA:458,82,0,0
BRDA:459,83,0,0
BRDA:476,84,0,0
BRDA:476,84,1,0
BRDA:476,85,0,0
BRDA:476,85,1,0
BRDA:493,86,0,0
BRDA:493,86,1,0
BRDA:503,87,0,0
BRDA:503,87,1,0
BRDA:506,88,0,0
BRDA:506,88,1,0
BRDA:516,89,0,0
BRDA:516,89,1,0
BRDA:530,90,0,0
BRDA:530,90,1,0
BRDA:558,91,0,0
BRDA:558,91,1,0
BRDA:572,92,0,0
BRDA:572,92,1,0
BRF:178
BRH:0
end_of_record
TN:
SF:src/components/ui/index.ts
FN:1,(anonymous_1)
FN:4,(anonymous_2)
FN:7,(anonymous_3)
FN:10,(anonymous_4)
FN:10,(anonymous_5)
FN:10,(anonymous_6)
FN:10,(anonymous_7)
FN:10,(anonymous_8)
FN:13,(anonymous_9)
FN:13,(anonymous_10)
FN:16,(anonymous_11)
FN:19,(anonymous_12)
FN:19,(anonymous_13)
FN:22,(anonymous_14)
FN:22,(anonymous_15)
FN:25,(anonymous_16)
FN:25,(anonymous_17)
FN:28,(anonymous_18)
FN:28,(anonymous_19)
FN:28,(anonymous_20)
FN:31,(anonymous_21)
FN:32,(anonymous_22)
FN:33,(anonymous_23)
FN:33,(anonymous_24)
FN:34,(anonymous_25)
FN:36,(anonymous_26)
FNF:26
FNH:0
FNDA:0,(anonymous_1)
FNDA:0,(anonymous_2)
FNDA:0,(anonymous_3)
FNDA:0,(anonymous_4)
FNDA:0,(anonymous_5)
FNDA:0,(anonymous_6)
FNDA:0,(anonymous_7)
FNDA:0,(anonymous_8)
FNDA:0,(anonymous_9)
FNDA:0,(anonymous_10)
FNDA:0,(anonymous_11)
FNDA:0,(anonymous_12)
FNDA:0,(anonymous_13)
FNDA:0,(anonymous_14)
FNDA:0,(anonymous_15)
FNDA:0,(anonymous_16)
FNDA:0,(anonymous_17)
FNDA:0,(anonymous_18)
FNDA:0,(anonymous_19)
FNDA:0,(anonymous_20)
FNDA:0,(anonymous_21)
FNDA:0,(anonymous_22)
FNDA:0,(anonymous_23)
FNDA:0,(anonymous_24)
FNDA:0,(anonymous_25)
FNDA:0,(anonymous_26)
DA:1,0
DA:4,0
DA:7,0
DA:10,0
DA:13,0
DA:16,0
DA:19,0
DA:22,0
DA:25,0
DA:28,0
DA:31,0
DA:32,0
DA:33,0
DA:34,0
DA:36,0
LF:15
LH:0
BRF:0
BRH:0
end_of_record
TN:
SF:src/lib/api.ts
FN:20,(anonymous_1)
FN:27,(anonymous_2)
FN:34,(anonymous_3)
FN:35,(anonymous_4)
FN:47,(anonymous_5)
FN:48,(anonymous_6)
FN:70,(anonymous_7)
FN:73,(anonymous_8)
FN:77,(anonymous_9)
FN:138,(anonymous_10)
FN:151,(anonymous_11)
FN:159,(anonymous_12)
FN:167,(anonymous_13)
FN:175,(anonymous_14)
FN:182,(anonymous_15)
FN:197,(anonymous_16)
FN:210,(anonymous_17)
FN:221,(anonymous_18)
FN:229,(anonymous_19)
FN:237,(anonymous_20)
FN:244,(anonymous_21)
FN:255,(anonymous_22)
FN:266,(anonymous_23)
FN:274,(anonymous_24)
FN:286,(anonymous_25)
FN:297,(anonymous_26)
FN:305,(anonymous_27)
FN:319,(anonymous_28)
FN:327,(anonymous_29)
FN:335,(anonymous_30)
FN:342,(anonymous_31)
FN:352,(anonymous_32)
FNF:32
FNH:0
FNDA:0,(anonymous_1)
FNDA:0,(anonymous_2)
FNDA:0,(anonymous_3)
FNDA:0,(anonymous_4)
FNDA:0,(anonymous_5)
FNDA:0,(anonymous_6)
FNDA:0,(anonymous_7)
FNDA:0,(anonymous_8)
FNDA:0,(anonymous_9)
FNDA:0,(anonymous_10)
FNDA:0,(anonymous_11)
FNDA:0,(anonymous_12)
FNDA:0,(anonymous_13)
FNDA:0,(anonymous_14)
FNDA:0,(anonymous_15)
FNDA:0,(anonymous_16)
FNDA:0,(anonymous_17)
FNDA:0,(anonymous_18)
FNDA:0,(anonymous_19)
FNDA:0,(anonymous_20)
FNDA:0,(anonymous_21)
FNDA:0,(anonymous_22)
FNDA:0,(anonymous_23)
FNDA:0,(anonymous_24)
FNDA:0,(anonymous_25)
FNDA:0,(anonymous_26)
FNDA:0,(anonymous_27)
FNDA:0,(anonymous_28)
FNDA:0,(anonymous_29)
FNDA:0,(anonymous_30)
FNDA:0,(anonymous_31)
FNDA:0,(anonymous_32)
DA:1,0
DA:2,0
DA:3,0
DA:5,0
DA:8,0
DA:19,0
DA:21,0
DA:22,0
DA:23,0
DA:25,0
DA:27,0
DA:31,0
DA:32,0
DA:34,0
DA:35,0
DA:36,0
DA:37,0
DA:39,0
DA:42,0
DA:46,0
DA:47,0
DA:49,0
DA:52,0
DA:54,0
DA:55,0
DA:56,0
DA:57,0
DA:61,0
DA:62,0
DA:63,0
DA:64,0
DA:65,0
DA:68,0
DA:70,0
DA:71,0
DA:74,0
DA:75,0
DA:77,0
DA:80,0
DA:81,0
DA:83,0
DA:85,0
DA:86,0
DA:88,0
DA:99,0
DA:100,0
DA:103,0
DA:104,0
DA:106,0
DA:109,0
DA:111,0
DA:112,0
DA:113,0
DA:114,0
DA:116,0
DA:120,0
DA:124,0
DA:138,0
DA:144,0
DA:145,0
DA:151,0
DA:152,0
DA:153,0
DA:159,0
DA:160,0
DA:161,0
DA:167,0
DA:168,0
DA:169,0
DA:175,0
DA:176,0
DA:182,0
DA:186,0
DA:187,0
DA:197,0
DA:203,0
DA:204,0
DA:210,0
DA:214,0
DA:215,0
DA:221,0
DA:222,0
DA:223,0
DA:229,0
DA:230,0
DA:231,0
DA:237,0
DA:238,0
DA:244,0
DA:248,0
DA:249,0
DA:255,0
DA:259,0
DA:260,0
DA:266,0
DA:267,0
DA:268,0
DA:274,0
DA:275,0
DA:276,0
DA:286,0
DA:290,0
DA:291,0
DA:297,0
DA:298,0
DA:299,0
DA:305,0
DA:310,0
DA:313,0
DA:319,0
DA:320,0
DA:321,0
DA:327,0
DA:328,0
DA:329,0
DA:335,0
DA:336,0
DA:342,0
DA:343,0
DA:346,0
DA:352,0
DA:353,0
DA:354,0
LF:123
LH:0
BRDA:22,0,0,0
BRDA:22,0,1,0
BRDA:34,1,0,0
BRDA:36,2,0,0
BRDA:36,2,1,0
BRDA:52,3,0,0
BRDA:52,3,1,0
BRDA:52,4,0,0
BRDA:52,4,1,0
BRDA:54,5,0,0
BRDA:54,5,1,0
BRDA:62,6,0,0
BRDA:62,6,1,0
BRDA:68,7,0,0
BRDA:68,7,1,0
BRF:15
BRH:0
end_of_record
TN:
SF:src/lib/theme.ts
FN:15,applyTheme
FN:22,getCurrentTheme
FN:29,initializeTheme
FN:36,getThemeClasses
FN:51,getThemeColors
FNF:5
FNH:0
FNDA:0,applyTheme
FNDA:0,getCurrentTheme
FNDA:0,initializeTheme
FNDA:0,getThemeClasses
FNDA:0,getThemeColors
DA:10,0
DA:15,0
DA:22,0
DA:23,0
DA:29,0
DA:36,0
DA:37,0
DA:51,0
DA:52,0
LF:9
LH:0
BRF:0
BRH:0
end_of_record
TN:
SF:src/lib/toast.ts
FN:3,(anonymous_1)
FN:10,(anonymous_2)
FNF:2
FNH:0
FNDA:0,(anonymous_1)
FNDA:0,(anonymous_2)
DA:1,1
DA:3,1
DA:4,0
DA:10,1
DA:11,0
LF:5
LH:3
BRF:0
BRH:0
end_of_record
TN:
SF:src/pages/Companies.tsx
FN:17,(anonymous_1)
FN:26,(anonymous_2)
FN:35,(anonymous_3)
FN:44,(anonymous_4)
FN:51,(anonymous_5)
FN:61,(anonymous_6)
FN:72,(anonymous_7)
FN:75,(anonymous_8)
FN:85,(anonymous_9)
FN:99,Companies
FN:111,(anonymous_11)
FN:117,(anonymous_12)
FN:121,(anonymous_13)
FN:122,(anonymous_14)
FN:127,(anonymous_15)
FN:134,(anonymous_16)
FN:136,(anonymous_17)
FN:142,(anonymous_18)
FN:149,(anonymous_19)
FN:150,(anonymous_20)
FN:156,(anonymous_21)
FN:162,(anonymous_22)
FN:166,(anonymous_23)
FN:171,(anonymous_24)
FN:180,(anonymous_25)
FN:185,(anonymous_26)
FN:191,(anonymous_27)
FN:196,(anonymous_28)
FN:240,(anonymous_29)
FN:252,(anonymous_30)
FN:265,(anonymous_31)
FN:266,(anonymous_32)
FN:274,(anonymous_33)
FN:282,(anonymous_34)
FN:294,(anonymous_35)
FNF:35
FNH:0
FNDA:0,(anonymous_1)
FNDA:0,(anonymous_2)
FNDA:0,(anonymous_3)
FNDA:0,(anonymous_4)
FNDA:0,(anonymous_5)
FNDA:0,(anonymous_6)
FNDA:0,(anonymous_7)
FNDA:0,(anonymous_8)
FNDA:0,(anonymous_9)
FNDA:0,Companies
FNDA:0,(anonymous_11)
FNDA:0,(anonymous_12)
FNDA:0,(anonymous_13)
FNDA:0,(anonymous_14)
FNDA:0,(anonymous_15)
FNDA:0,(anonymous_16)
FNDA:0,(anonymous_17)
FNDA:0,(anonymous_18)
FNDA:0,(anonymous_19)
FNDA:0,(anonymous_20)
FNDA:0,(anonymous_21)
FNDA:0,(anonymous_22)
FNDA:0,(anonymous_23)
FNDA:0,(anonymous_24)
FNDA:0,(anonymous_25)
FNDA:0,(anonymous_26)
FNDA:0,(anonymous_27)
FNDA:0,(anonymous_28)
FNDA:0,(anonymous_29)
FNDA:0,(anonymous_30)
FNDA:0,(anonymous_31)
FNDA:0,(anonymous_32)
FNDA:0,(anonymous_33)
FNDA:0,(anonymous_34)
FNDA:0,(anonymous_35)
DA:1,0
DA:2,0
DA:3,0
DA:4,0
DA:5,0
DA:6,0
DA:7,0
DA:8,0
DA:10,0
DA:11,0
DA:12,0
DA:13,0
DA:14,0
DA:17,0
DA:20,0
DA:27,0
DA:36,0
DA:44,0
DA:52,0
DA:62,0
DA:73,0
DA:76,0
DA:77,0
DA:86,0
DA:87,0
DA:99,0
DA:100,0
DA:101,0
DA:102,0
DA:103,0
DA:104,0
DA:105,0
DA:107,0
DA:108,0
DA:111,0
DA:112,0
DA:115,0
DA:117,0
DA:120,0
DA:121,0
DA:123,0
DA:124,0
DA:125,0
DA:128,0
DA:129,0
DA:133,0
DA:135,0
DA:137,0
DA:138,0
DA:139,0
DA:140,0
DA:143,0
DA:144,0
DA:148,0
DA:149,0
DA:151,0
DA:152,0
DA:153,0
DA:154,0
DA:157,0
DA:158,0
DA:162,0
DA:163,0
DA:166,0
DA:167,0
DA:168,0
DA:171,0
DA:172,0
DA:173,0
DA:180,0
DA:181,0
DA:182,0
DA:185,0
DA:186,0
DA:187,0
DA:191,0
DA:192,0
DA:196,0
DA:197,0
DA:198,0
DA:199,0
DA:206,0
DA:208,0
DA:209,0
DA:221,0
DA:222,0
DA:233,0
DA:240,0
DA:252,0
DA:265,0
DA:266,0
DA:274,0
DA:283,0
DA:284,0
DA:295,0
DA:296,0
LF:96
LH:0
BRDA:36,0,0,0
BRDA:36,0,1,0
BRDA:44,1,0,0
BRDA:44,1,1,0
BRDA:52,2,0,0
BRDA:52,2,1,0
BRDA:62,3,0,0
BRDA:62,3,1,0
BRDA:62,4,0,0
BRDA:62,4,1,0
BRDA:63,5,0,0
BRDA:63,5,1,0
BRDA:128,6,0,0
BRDA:128,6,1,0
BRDA:143,7,0,0
BRDA:143,7,1,0
BRDA:157,8,0,0
BRDA:157,8,1,0
BRDA:172,9,0,0
BRDA:172,9,1,0
BRDA:186,10,0,0
BRDA:186,10,1,0
BRDA:197,11,0,0
BRDA:197,11,1,0
BRDA:200,12,0,0
BRDA:200,12,1,0
BRDA:208,13,0,0
BRDA:208,13,1,0
BRDA:221,14,0,0
BRDA:221,14,1,0
BRDA:260,15,0,0
BRDA:260,15,1,0
BRDA:298,16,0,0
BRDA:298,16,1,0
BRF:34
BRH:0
end_of_record
TN:
SF:src/pages/CompanyDetail.tsx
FN:30,(anonymous_1)
FN:36,(anonymous_2)
FN:44,(anonymous_3)
FN:51,(anonymous_4)
FN:57,(anonymous_5)
FN:62,(anonymous_6)
FN:70,(anonymous_7)
FN:79,(anonymous_8)
FN:87,(anonymous_9)
FN:93,(anonymous_10)
FN:97,CompanyDetail
FN:109,(anonymous_12)
FN:115,(anonymous_13)
FN:121,(anonymous_14)
FN:127,(anonymous_15)
FN:133,(anonymous_16)
FN:138,(anonymous_17)
FN:145,(anonymous_18)
FN:146,(anonymous_19)
FN:151,(anonymous_20)
FN:158,(anonymous_21)
FN:159,(anonymous_22)
FN:163,(anonymous_23)
FN:171,(anonymous_24)
FN:172,(anonymous_25)
FN:178,(anonymous_26)
FN:220,(anonymous_27)
FN:235,(anonymous_28)
FN:241,(anonymous_29)
FN:272,(anonymous_30)
FN:282,(anonymous_31)
FN:292,(anonymous_32)
FN:313,(anonymous_33)
FN:314,(anonymous_34)
FN:329,(anonymous_35)
FN:330,(anonymous_36)
FN:342,(anonymous_37)
FN:358,(anonymous_38)
FN:361,(anonymous_39)
FN:367,(anonymous_40)
FN:370,(anonymous_41)
FN:376,(anonymous_42)
FN:379,(anonymous_43)
FNF:43
FNH:0
FNDA:0,(anonymous_1)
FNDA:0,(anonymous_2)
FNDA:0,(anonymous_3)
FNDA:0,(anonymous_4)
FNDA:0,(anonymous_5)
FNDA:0,(anonymous_6)
FNDA:0,(anonymous_7)
FNDA:0,(anonymous_8)
FNDA:0,(anonymous_9)
FNDA:0,(anonymous_10)
FNDA:0,CompanyDetail
FNDA:0,(anonymous_12)
FNDA:0,(anonymous_13)
FNDA:0,(anonymous_14)
FNDA:0,(anonymous_15)
FNDA:0,(anonymous_16)
FNDA:0,(anonymous_17)
FNDA:0,(anonymous_18)
FNDA:0,(anonymous_19)
FNDA:0,(anonymous_20)
FNDA:0,(anonymous_21)
FNDA:0,(anonymous_22)
FNDA:0,(anonymous_23)
FNDA:0,(anonymous_24)
FNDA:0,(anonymous_25)
FNDA:0,(anonymous_26)
FNDA:0,(anonymous_27)
FNDA:0,(anonymous_28)
FNDA:0,(anonymous_29)
FNDA:0,(anonymous_30)
FNDA:0,(anonymous_31)
FNDA:0,(anonymous_32)
FNDA:0,(anonymous_33)
FNDA:0,(anonymous_34)
FNDA:0,(anonymous_35)
FNDA:0,(anonymous_36)
FNDA:0,(anonymous_37)
FNDA:0,(anonymous_38)
FNDA:0,(anonymous_39)
FNDA:0,(anonymous_40)
FNDA:0,(anonymous_41)
FNDA:0,(anonymous_42)
FNDA:0,(anonymous_43)
DA:1,1
DA:2,1
DA:3,1
DA:4,1
DA:5,1
DA:15,1
DA:16,1
DA:17,1
DA:18,1
DA:19,1
DA:23,1
DA:24,1
DA:25,1
DA:26,1
DA:27,1
DA:30,1
DA:37,0
DA:44,0
DA:51,0
DA:57,1
DA:63,0
DA:71,0
DA:79,0
DA:87,0
DA:93,0
DA:97,1
DA:98,0
DA:99,0
DA:100,0
DA:102,0
DA:103,0
DA:104,0
DA:105,0
DA:107,0
DA:109,0
DA:113,0
DA:115,0
DA:119,0
DA:121,0
DA:125,0
DA:127,0
DA:131,0
DA:133,0
DA:138,0
DA:139,0
DA:140,0
DA:144,0
DA:145,0
DA:147,0
DA:148,0
DA:149,0
DA:152,0
DA:153,0
DA:157,0
DA:158,0
DA:160,0
DA:161,0
DA:164,0
DA:165,0
DA:166,0
DA:170,0
DA:171,0
DA:173,0
DA:174,0
DA:175,0
DA:176,0
DA:179,0
DA:180,0
DA:185,0
DA:186,0
DA:188,0
DA:189,0
DA:201,0
DA:202,0
DA:213,0
DA:220,0
DA:235,0
DA:241,0
DA:272,0
DA:282,0
DA:292,0
DA:313,0
DA:314,0
DA:329,0
DA:330,0
DA:342,0
DA:358,0
DA:361,0
DA:367,0
DA:370,0
DA:376,0
DA:379,0
LF:92
LH:18
BRDA:44,0,0,0
BRDA:44,0,1,0
BRDA:51,1,0,0
BRDA:51,1,1,0
BRDA:63,2,0,0
BRDA:63,2,1,0
BRDA:71,3,0,0
BRDA:71,3,1,0
BRDA:79,4,0,0
BRDA:79,4,1,0
BRDA:87,5,0,0
BRDA:87,5,1,0
BRDA:116,6,0,0
BRDA:116,6,1,0
BRDA:122,7,0,0
BRDA:122,7,1,0
BRDA:128,8,0,0
BRDA:128,8,1,0
BRDA:139,9,0,0
BRDA:139,9,1,0
BRDA:152,10,0,0
BRDA:152,10,1,0
BRDA:164,11,0,0
BRDA:164,11,1,0
BRDA:179,12,0,0
BRDA:179,12,1,0
BRDA:188,13,0,0
BRDA:188,13,1,0
BRDA:201,14,0,0
BRDA:201,14,1,0
BRDA:229,15,0,0
BRDA:229,15,1,0
BRDA:230,16,0,0
BRDA:230,16,1,0
BRDA:249,17,0,0
BRDA:249,17,1,0
BRDA:255,18,0,0
BRDA:255,18,1,0
BRDA:261,19,0,0
BRDA:261,19,1,0
BRDA:274,20,0,0
BRDA:274,20,1,0
BRDA:284,21,0,0
BRDA:284,21,1,0
BRDA:294,22,0,0
BRDA:294,22,1,0
BRDA:305,23,0,0
BRDA:305,23,1,0
BRDA:309,24,0,0
BRDA:309,24,1,0
BRDA:321,25,0,0
BRDA:321,25,1,0
BRDA:325,26,0,0
BRDA:325,26,1,0
BRDA:337,27,0,0
BRDA:337,27,1,0
BRDA:348,28,0,0
BRDA:348,28,1,0
BRF:58
BRH:0
end_of_record
TN:
SF:src/pages/ContactDetail.tsx
FN:18,(anonymous_1)
FN:23,(anonymous_2)
FN:31,(anonymous_3)
FN:39,(anonymous_4)
FN:45,(anonymous_5)
FN:51,(anonymous_6)
FN:56,ContactDetail
FN:67,(anonymous_8)
FN:73,(anonymous_9)
FN:78,(anonymous_10)
FN:85,(anonymous_11)
FN:86,(anonymous_12)
FN:91,(anonymous_13)
FN:98,(anonymous_14)
FN:99,(anonymous_15)
FN:103,(anonymous_16)
FN:111,(anonymous_17)
FN:151,(anonymous_18)
FN:158,(anonymous_19)
FN:181,(anonymous_20)
FN:187,(anonymous_21)
FN:200,(anonymous_22)
FN:219,(anonymous_23)
FN:220,(anonymous_24)
FN:229,(anonymous_25)
FN:232,(anonymous_26)
FN:238,(anonymous_27)
FN:241,(anonymous_28)
FNF:28
FNH:0
FNDA:0,(anonymous_1)
FNDA:0,(anonymous_2)
FNDA:0,(anonymous_3)
FNDA:0,(anonymous_4)
FNDA:0,(anonymous_5)
FNDA:0,(anonymous_6)
FNDA:0,ContactDetail
FNDA:0,(anonymous_8)
FNDA:0,(anonymous_9)
FNDA:0,(anonymous_10)
FNDA:0,(anonymous_11)
FNDA:0,(anonymous_12)
FNDA:0,(anonymous_13)
FNDA:0,(anonymous_14)
FNDA:0,(anonymous_15)
FNDA:0,(anonymous_16)
FNDA:0,(anonymous_17)
FNDA:0,(anonymous_18)
FNDA:0,(anonymous_19)
FNDA:0,(anonymous_20)
FNDA:0,(anonymous_21)
FNDA:0,(anonymous_22)
FNDA:0,(anonymous_23)
FNDA:0,(anonymous_24)
FNDA:0,(anonymous_25)
FNDA:0,(anonymous_26)
FNDA:0,(anonymous_27)
FNDA:0,(anonymous_28)
DA:1,1
DA:2,1
DA:3,1
DA:4,1
DA:5,1
DA:6,1
DA:7,1
DA:8,1
DA:11,1
DA:12,1
DA:13,1
DA:14,1
DA:15,1
DA:18,1
DA:24,0
DA:31,0
DA:39,0
DA:45,0
DA:51,0
DA:56,1
DA:57,0
DA:58,0
DA:59,0
DA:61,0
DA:62,0
DA:63,0
DA:65,0
DA:67,0
DA:71,0
DA:73,0
DA:78,0
DA:79,0
DA:80,0
DA:84,0
DA:85,0
DA:87,0
DA:88,0
DA:89,0
DA:92,0
DA:93,0
DA:97,0
DA:98,0
DA:100,0
DA:101,0
DA:104,0
DA:105,0
DA:106,0
DA:111,0
DA:112,0
DA:113,0
DA:117,0
DA:119,0
DA:120,0
DA:132,0
DA:133,0
DA:144,0
DA:151,0
DA:158,0
DA:181,0
DA:187,0
DA:200,0
DA:219,0
DA:220,0
DA:229,0
DA:232,0
DA:238,0
DA:241,0
LF:67
LH:15
BRDA:24,0,0,0
BRDA:24,0,1,0
BRDA:31,1,0,0
BRDA:31,1,1,0
BRDA:39,2,0,0
BRDA:39,2,1,0
BRDA:51,3,0,0
BRDA:51,3,1,0
BRDA:79,4,0,0
BRDA:79,4,1,0
BRDA:92,5,0,0
BRDA:92,5,1,0
BRDA:104,6,0,0
BRDA:104,6,1,0
BRDA:112,7,0,0
BRDA:112,7,1,0
BRDA:119,8,0,0
BRDA:119,8,1,0
BRDA:132,9,0,0
BRDA:132,9,1,0
BRDA:158,10,0,0
BRDA:158,10,1,0
BRDA:161,11,0,0
BRDA:161,11,1,0
BRDA:170,12,0,0
BRDA:170,12,1,0
BRDA:171,13,0,0
BRDA:171,13,1,0
BRDA:172,14,0,0
BRDA:172,14,1,0
BRDA:215,15,0,0
BRDA:215,15,1,0
BRF:32
BRH:0
end_of_record
TN:
SF:src/pages/Contacts.tsx
FN:17,(anonymous_1)
FN:26,(anonymous_2)
FN:35,(anonymous_3)
FN:43,(anonymous_4)
FN:51,(anonymous_5)
FN:60,(anonymous_6)
FN:63,(anonymous_7)
FN:73,(anonymous_8)
FN:87,Contacts
FN:99,(anonymous_10)
FN:105,(anonymous_11)
FN:109,(anonymous_12)
FN:110,(anonymous_13)
FN:115,(anonymous_14)
FN:122,(anonymous_15)
FN:124,(anonymous_16)
FN:130,(anonymous_17)
FN:137,(anonymous_18)
FN:138,(anonymous_19)
FN:144,(anonymous_20)
FN:150,(anonymous_21)
FN:154,(anonymous_22)
FN:159,(anonymous_23)
FN:168,(anonymous_24)
FN:173,(anonymous_25)
FN:179,(anonymous_26)
FN:184,(anonymous_27)
FN:229,(anonymous_28)
FN:241,(anonymous_29)
FN:254,(anonymous_30)
FN:255,(anonymous_31)
FN:263,(anonymous_32)
FN:271,(anonymous_33)
FN:283,(anonymous_34)
FNF:34
FNH:0
FNDA:0,(anonymous_1)
FNDA:0,(anonymous_2)
FNDA:0,(anonymous_3)
FNDA:0,(anonymous_4)
FNDA:0,(anonymous_5)
FNDA:0,(anonymous_6)
FNDA:0,(anonymous_7)
FNDA:0,(anonymous_8)
FNDA:0,Contacts
FNDA:0,(anonymous_10)
FNDA:0,(anonymous_11)
FNDA:0,(anonymous_12)
FNDA:0,(anonymous_13)
FNDA:0,(anonymous_14)
FNDA:0,(anonymous_15)
FNDA:0,(anonymous_16)
FNDA:0,(anonymous_17)
FNDA:0,(anonymous_18)
FNDA:0,(anonymous_19)
FNDA:0,(anonymous_20)
FNDA:0,(anonymous_21)
FNDA:0,(anonymous_22)
FNDA:0,(anonymous_23)
FNDA:0,(anonymous_24)
FNDA:0,(anonymous_25)
FNDA:0,(anonymous_26)
FNDA:0,(anonymous_27)
FNDA:0,(anonymous_28)
FNDA:0,(anonymous_29)
FNDA:0,(anonymous_30)
FNDA:0,(anonymous_31)
FNDA:0,(anonymous_32)
FNDA:0,(anonymous_33)
FNDA:0,(anonymous_34)
DA:1,1
DA:2,1
DA:3,1
DA:4,1
DA:5,1
DA:6,1
DA:7,1
DA:8,1
DA:10,1
DA:11,1
DA:12,1
DA:13,1
DA:14,1
DA:17,1
DA:20,0
DA:27,0
DA:36,0
DA:43,0
DA:52,0
DA:61,0
DA:64,0
DA:65,0
DA:74,0
DA:75,0
DA:87,1
DA:88,0
DA:89,0
DA:90,0
DA:91,0
DA:92,0
DA:93,0
DA:95,0
DA:96,0
DA:99,0
DA:100,0
DA:103,0
DA:105,0
DA:108,0
DA:109,0
DA:111,0
DA:112,0
DA:113,0
DA:116,0
DA:117,0
DA:121,0
DA:123,0
DA:125,0
DA:126,0
DA:127,0
DA:128,0
DA:131,0
DA:132,0
DA:136,0
DA:137,0
DA:139,0
DA:140,0
DA:141,0
DA:142,0
DA:145,0
DA:146,0
DA:150,0
DA:151,0
DA:154,0
DA:155,0
DA:156,0
DA:159,0
DA:160,0
DA:161,0
DA:168,0
DA:169,0
DA:170,0
DA:173,0
DA:174,0
DA:175,0
DA:179,0
DA:180,0
DA:184,0
DA:185,0
DA:186,0
DA:187,0
DA:195,0
DA:197,0
DA:198,0
DA:210,0
DA:211,0
DA:222,0
DA:229,0
DA:241,0
DA:254,0
DA:255,0
DA:263,0
DA:272,0
DA:273,0
DA:284,0
DA:285,0
LF:95
LH:15
BRDA:36,0,0,0
BRDA:36,0,1,0
BRDA:43,1,0,0
BRDA:43,1,1,0
BRDA:52,2,0,0
BRDA:52,2,1,0
BRDA:116,3,0,0
BRDA:116,3,1,0
BRDA:131,4,0,0
BRDA:131,4,1,0
BRDA:145,5,0,0
BRDA:145,5,1,0
BRDA:160,6,0,0
BRDA:160,6,1,0
BRDA:174,7,0,0
BRDA:174,7,1,0
BRDA:185,8,0,0
BRDA:185,8,1,0
BRDA:188,9,0,0
BRDA:188,9,1,0
BRDA:188,9,2,0
BRDA:197,10,0,0
BRDA:197,10,1,0
BRDA:210,11,0,0
BRDA:210,11,1,0
BRDA:249,12,0,0
BRDA:249,12,1,0
BRDA:287,13,0,0
BRDA:287,13,1,0
BRF:29
BRH:0
end_of_record
TN:
SF:src/pages/CustomerDetail.tsx
FN:18,(anonymous_1)
FN:23,(anonymous_2)
FN:45,(anonymous_3)
FN:52,(anonymous_4)
FN:58,(anonymous_5)
FN:64,(anonymous_6)
FN:69,(anonymous_7)
FN:77,(anonymous_8)
FN:84,(anonymous_9)
FN:91,(anonymous_10)
FN:97,(anonymous_11)
FN:104,(anonymous_12)
FN:109,CustomerDetail
FN:122,(anonymous_14)
FN:131,(anonymous_15)
FN:140,(anonymous_16)
FN:150,(anonymous_17)
FN:159,(anonymous_18)
FN:163,(anonymous_19)
FN:168,(anonymous_20)
FN:175,(anonymous_21)
FN:179,(anonymous_22)
FN:183,(anonymous_23)
FN:226,(anonymous_24)
FN:241,(anonymous_25)
FN:247,(anonymous_26)
FN:261,(anonymous_27)
FN:271,(anonymous_28)
FN:289,(anonymous_29)
FN:308,(anonymous_30)
FN:309,(anonymous_31)
FN:322,(anonymous_32)
FN:350,(anonymous_33)
FN:353,(anonymous_34)
FN:359,(anonymous_35)
FN:362,(anonymous_36)
FNF:36
FNH:0
FNDA:0,(anonymous_1)
FNDA:0,(anonymous_2)
FNDA:0,(anonymous_3)
FNDA:0,(anonymous_4)
FNDA:0,(anonymous_5)
FNDA:0,(anonymous_6)
FNDA:0,(anonymous_7)
FNDA:0,(anonymous_8)
FNDA:0,(anonymous_9)
FNDA:0,(anonymous_10)
FNDA:0,(anonymous_11)
FNDA:0,(anonymous_12)
FNDA:0,CustomerDetail
FNDA:0,(anonymous_14)
FNDA:0,(anonymous_15)
FNDA:0,(anonymous_16)
FNDA:0,(anonymous_17)
FNDA:0,(anonymous_18)
FNDA:0,(anonymous_19)
FNDA:0,(anonymous_20)
FNDA:0,(anonymous_21)
FNDA:0,(anonymous_22)
FNDA:0,(anonymous_23)
FNDA:0,(anonymous_24)
FNDA:0,(anonymous_25)
FNDA:0,(anonymous_26)
FNDA:0,(anonymous_27)
FNDA:0,(anonymous_28)
FNDA:0,(anonymous_29)
FNDA:0,(anonymous_30)
FNDA:0,(anonymous_31)
FNDA:0,(anonymous_32)
FNDA:0,(anonymous_33)
FNDA:0,(anonymous_34)
FNDA:0,(anonymous_35)
FNDA:0,(anonymous_36)
DA:1,0
DA:2,0
DA:3,0
DA:4,0
DA:5,0
DA:6,0
DA:7,0
DA:8,0
DA:9,0
DA:11,0
DA:12,0
DA:13,0
DA:14,0
DA:15,0
DA:18,0
DA:24,0
DA:45,0
DA:52,0
DA:58,0
DA:64,0
DA:70,0
DA:77,0
DA:84,0
DA:91,0
DA:97,0
DA:104,0
DA:109,0
DA:110,0
DA:111,0
DA:112,0
DA:114,0
DA:115,0
DA:116,0
DA:117,0
DA:118,0
DA:120,0
DA:123,0
DA:124,0
DA:129,0
DA:132,0
DA:133,0
DA:138,0
DA:141,0
DA:142,0
DA:143,0
DA:148,0
DA:151,0
DA:152,0
DA:153,0
DA:158,0
DA:160,0
DA:161,0
DA:164,0
DA:165,0
DA:166,0
DA:169,0
DA:170,0
DA:174,0
DA:176,0
DA:177,0
DA:180,0
DA:181,0
DA:184,0
DA:185,0
DA:186,0
DA:191,0
DA:192,0
DA:194,0
DA:195,0
DA:207,0
DA:208,0
DA:219,0
DA:226,0
DA:241,0
DA:247,0
DA:261,0
DA:271,0
DA:289,0
DA:308,0
DA:309,0
DA:322,0
DA:350,0
DA:353,0
DA:359,0
DA:362,0
LF:85
LH:0
BRDA:45,0,0,0
BRDA:45,0,1,0
BRDA:58,1,0,0
BRDA:58,1,1,0
BRDA:70,2,0,0
BRDA:70,2,1,0
BRDA:77,3,0,0
BRDA:77,3,1,0
BRDA:84,4,0,0
BRDA:84,4,1,0
BRDA:97,5,0,0
BRDA:97,5,1,0
BRDA:104,6,0,0
BRDA:104,6,1,0
BRDA:141,7,0,0
BRDA:141,7,1,0
BRDA:145,8,0,0
BRDA:145,8,1,0
BRDA:151,9,0,0
BRDA:151,9,1,0
BRDA:155,10,0,0
BRDA:155,10,1,0
BRDA:169,11,0,0
BRDA:169,11,1,0
BRDA:184,12,0,0
BRDA:184,12,1,0
BRDA:194,13,0,0
BRDA:194,13,1,0
BRDA:207,14,0,0
BRDA:207,14,1,0
BRDA:236,15,0,0
BRDA:236,15,1,0
BRDA:255,16,0,0
BRDA:255,16,1,0
BRDA:263,17,0,0
BRDA:263,17,1,0
BRDA:273,18,0,0
BRDA:273,18,1,0
BRDA:284,19,0,0
BRDA:284,19,1,0
BRDA:304,20,0,0
BRDA:304,20,1,0
BRDA:317,21,0,0
BRDA:317,21,1,0
BRDA:337,22,0,0
BRDA:337,22,1,0
BRF:46
BRH:0
end_of_record
TN:
SF:src/pages/Customers.tsx
FN:17,(anonymous_1)
FN:26,(anonymous_2)
FN:35,(anonymous_3)
FN:43,(anonymous_4)
FN:52,(anonymous_5)
FN:63,(anonymous_6)
FN:66,(anonymous_7)
FN:76,(anonymous_8)
FN:90,Customers
FN:103,(anonymous_10)
FN:111,(anonymous_11)
FN:120,(anonymous_12)
FN:125,(anonymous_13)
FN:132,(anonymous_14)
FN:144,(anonymous_15)
FN:150,(anonymous_16)
FN:157,(anonymous_17)
FN:161,(anonymous_18)
FN:167,(anonymous_19)
FN:173,(anonymous_20)
FN:182,(anonymous_21)
FN:187,(anonymous_22)
FN:201,(anonymous_23)
FN:206,(anonymous_24)
FN:212,(anonymous_25)
FN:251,(anonymous_26)
FN:263,(anonymous_27)
FN:276,(anonymous_28)
FN:277,(anonymous_29)
FN:285,(anonymous_30)
FN:293,(anonymous_31)
FN:305,(anonymous_32)
FNF:32
FNH:0
FNDA:0,(anonymous_1)
FNDA:0,(anonymous_2)
FNDA:0,(anonymous_3)
FNDA:0,(anonymous_4)
FNDA:0,(anonymous_5)
FNDA:0,(anonymous_6)
FNDA:0,(anonymous_7)
FNDA:0,(anonymous_8)
FNDA:0,Customers
FNDA:0,(anonymous_10)
FNDA:0,(anonymous_11)
FNDA:0,(anonymous_12)
FNDA:0,(anonymous_13)
FNDA:0,(anonymous_14)
FNDA:0,(anonymous_15)
FNDA:0,(anonymous_16)
FNDA:0,(anonymous_17)
FNDA:0,(anonymous_18)
FNDA:0,(anonymous_19)
FNDA:0,(anonymous_20)
FNDA:0,(anonymous_21)
FNDA:0,(anonymous_22)
FNDA:0,(anonymous_23)
FNDA:0,(anonymous_24)
FNDA:0,(anonymous_25)
FNDA:0,(anonymous_26)
FNDA:0,(anonymous_27)
FNDA:0,(anonymous_28)
FNDA:0,(anonymous_29)
FNDA:0,(anonymous_30)
FNDA:0,(anonymous_31)
FNDA:0,(anonymous_32)
DA:1,0
DA:2,0
DA:3,0
DA:4,0
DA:5,0
DA:6,0
DA:7,0
DA:8,0
DA:10,0
DA:11,0
DA:12,0
DA:13,0
DA:14,0
DA:17,0
DA:20,0
DA:27,0
DA:36,0
DA:43,0
DA:53,0
DA:64,0
DA:67,0
DA:68,0
DA:77,0
DA:78,0
DA:90,0
DA:91,0
DA:92,0
DA:93,0
DA:94,0
DA:95,0
DA:96,0
DA:98,0
DA:99,0
DA:101,0
DA:104,0
DA:105,0
DA:106,0
DA:110,0
DA:117,0
DA:118,0
DA:121,0
DA:122,0
DA:123,0
DA:126,0
DA:127,0
DA:131,0
DA:141,0
DA:142,0
DA:145,0
DA:146,0
DA:147,0
DA:148,0
DA:151,0
DA:152,0
DA:156,0
DA:158,0
DA:159,0
DA:162,0
DA:163,0
DA:164,0
DA:165,0
DA:168,0
DA:169,0
DA:173,0
DA:179,0
DA:182,0
DA:183,0
DA:184,0
DA:187,0
DA:193,0
DA:194,0
DA:201,0
DA:202,0
DA:203,0
DA:206,0
DA:207,0
DA:208,0
DA:212,0
DA:213,0
DA:217,0
DA:219,0
DA:220,0
DA:232,0
DA:233,0
DA:244,0
DA:251,0
DA:263,0
DA:276,0
DA:277,0
DA:285,0
DA:294,0
DA:295,0
DA:306,0
DA:307,0
LF:94
LH:0
BRDA:43,0,0,0
BRDA:43,0,1,0
BRDA:53,1,0,0
BRDA:53,1,1,0
BRDA:53,2,0,0
BRDA:53,2,1,0
BRDA:54,3,0,0
BRDA:54,3,1,0
BRDA:104,4,0,0
BRDA:104,4,1,0
BRDA:126,5,0,0
BRDA:126,5,1,0
BRDA:151,6,0,0
BRDA:151,6,1,0
BRDA:168,7,0,0
BRDA:168,7,1,0
BRDA:193,8,0,0
BRDA:193,8,1,0
BRDA:207,9,0,0
BRDA:207,9,1,0
BRDA:219,10,0,0
BRDA:219,10,1,0
BRDA:232,11,0,0
BRDA:232,11,1,0
BRDA:271,12,0,0
BRDA:271,12,1,0
BRDA:309,13,0,0
BRDA:309,13,1,0
BRF:28
BRH:0
end_of_record
TN:
SF:src/pages/Dashboard.tsx
FN:4,Dashboard
FN:7,(anonymous_2)
FN:15,(anonymous_3)
FN:23,(anonymous_4)
FN:72,(anonymous_5)
FN:73,(anonymous_6)
FN:193,(anonymous_7)
FN:279,(anonymous_8)
FNF:8
FNH:0
FNDA:0,Dashboard
FNDA:0,(anonymous_2)
FNDA:0,(anonymous_3)
FNDA:0,(anonymous_4)
FNDA:0,(anonymous_5)
FNDA:0,(anonymous_6)
FNDA:0,(anonymous_7)
FNDA:0,(anonymous_8)
DA:1,0
DA:2,0
DA:4,0
DA:5,0
DA:8,0
DA:9,0
DA:13,0
DA:16,0
DA:17,0
DA:21,0
DA:24,0
DA:25,0
DA:29,0
DA:30,0
DA:32,0
DA:33,0
DA:46,0
DA:47,0
DA:72,0
DA:73,0
DA:75,0
DA:194,0
DA:280,0
LF:23
LH:0
BRDA:29,0,0,0
BRDA:29,0,1,0
BRDA:29,0,2,0
BRDA:30,1,0,0
BRDA:30,1,1,0
BRDA:30,1,2,0
BRDA:32,2,0,0
BRDA:32,2,1,0
BRDA:46,3,0,0
BRDA:46,3,1,0
BRDA:59,4,0,0
BRDA:59,4,1,0
BRDA:59,4,2,0
BRDA:59,4,3,0
BRDA:61,5,0,0
BRDA:61,5,1,0
BRDA:62,6,0,0
BRDA:62,6,1,0
BRDA:63,7,0,0
BRDA:63,7,1,0
BRDA:72,8,0,0
BRDA:72,8,1,0
BRDA:72,9,0,0
BRDA:72,9,1,0
BRDA:73,10,0,0
BRDA:73,10,1,0
BRDA:106,11,0,0
BRDA:106,11,1,0
BRDA:157,12,0,0
BRDA:157,12,1,0
BRDA:191,13,0,0
BRDA:191,13,1,0
BRDA:191,14,0,0
BRDA:191,14,1,0
BRDA:214,15,0,0
BRDA:214,15,1,0
BRDA:214,15,2,0
BRDA:225,16,0,0
BRDA:225,16,1,0
BRDA:227,17,0,0
BRDA:227,17,1,0
BRDA:230,18,0,0
BRDA:230,18,1,0
BRDA:232,19,0,0
BRDA:232,19,1,0
BRDA:236,20,0,0
BRDA:236,20,1,0
BRDA:277,21,0,0
BRDA:277,21,1,0
BRDA:277,22,0,0
BRDA:277,22,1,0
BRDA:300,23,0,0
BRDA:300,23,1,0
BRDA:306,24,0,0
BRDA:306,24,1,0
BRF:55
BRH:0
end_of_record
TN:
SF:src/pages/Departments.tsx
FN:24,Departments
FN:36,(anonymous_2)
FN:43,(anonymous_3)
FN:47,(anonymous_4)
FN:53,(anonymous_5)
FN:59,(anonymous_6)
FN:63,(anonymous_7)
FN:70,(anonymous_8)
FN:76,(anonymous_9)
FN:80,(anonymous_10)
FN:86,(anonymous_11)
FN:91,(anonymous_12)
FN:92,(anonymous_13)
FN:125,(anonymous_14)
FN:143,(anonymous_15)
FN:154,(anonymous_16)
FN:166,(anonymous_17)
FN:176,(anonymous_18)
FN:196,(anonymous_19)
FN:205,(anonymous_20)
FN:213,(anonymous_21)
FN:239,(anonymous_22)
FN:248,(anonymous_23)
FN:256,(anonymous_24)
FN:288,(anonymous_25)
FN:297,(anonymous_26)
FNF:26
FNH:0
FNDA:0,Departments
FNDA:0,(anonymous_2)
FNDA:0,(anonymous_3)
FNDA:0,(anonymous_4)
FNDA:0,(anonymous_5)
FNDA:0,(anonymous_6)
FNDA:0,(anonymous_7)
FNDA:0,(anonymous_8)
FNDA:0,(anonymous_9)
FNDA:0,(anonymous_10)
FNDA:0,(anonymous_11)
FNDA:0,(anonymous_12)
FNDA:0,(anonymous_13)
FNDA:0,(anonymous_14)
FNDA:0,(anonymous_15)
FNDA:0,(anonymous_16)
FNDA:0,(anonymous_17)
FNDA:0,(anonymous_18)
FNDA:0,(anonymous_19)
FNDA:0,(anonymous_20)
FNDA:0,(anonymous_21)
FNDA:0,(anonymous_22)
FNDA:0,(anonymous_23)
FNDA:0,(anonymous_24)
FNDA:0,(anonymous_25)
FNDA:0,(anonymous_26)
DA:1,0
DA:2,0
DA:3,0
DA:4,0
DA:5,0
DA:6,0
DA:24,0
DA:25,0
DA:26,0
DA:27,0
DA:28,0
DA:29,0
DA:30,0
DA:32,0
DA:34,0
DA:37,0
DA:38,0
DA:42,0
DA:44,0
DA:45,0
DA:48,0
DA:49,0
DA:50,0
DA:51,0
DA:54,0
DA:58,0
DA:60,0
DA:61,0
DA:64,0
DA:65,0
DA:66,0
DA:67,0
DA:68,0
DA:71,0
DA:75,0
DA:77,0
DA:78,0
DA:81,0
DA:82,0
DA:83,0
DA:84,0
DA:87,0
DA:91,0
DA:92,0
DA:95,0
DA:96,0
DA:107,0
DA:108,0
DA:118,0
DA:125,0
DA:144,0
DA:155,0
DA:167,0
DA:168,0
DA:169,0
DA:177,0
DA:178,0
DA:197,0
DA:198,0
DA:205,0
DA:214,0
DA:215,0
DA:240,0
DA:241,0
DA:248,0
DA:257,0
DA:258,0
DA:259,0
DA:289,0
DA:290,0
DA:297,0
LF:71
LH:0
BRDA:54,0,0,0
BRDA:54,0,1,0
BRDA:71,1,0,0
BRDA:71,1,1,0
BRDA:87,2,0,0
BRDA:87,2,1,0
BRDA:95,3,0,0
BRDA:95,3,1,0
BRDA:107,4,0,0
BRDA:107,4,1,0
BRDA:147,5,0,0
BRDA:147,5,1,0
BRDA:148,6,0,0
BRDA:148,6,1,0
BRDA:152,7,0,0
BRDA:152,7,1,0
BRDA:152,8,0,0
BRDA:152,8,1,0
BRDA:192,9,0,0
BRDA:192,9,1,0
BRDA:226,10,0,0
BRDA:226,10,1,0
BRDA:235,11,0,0
BRDA:235,11,1,0
BRDA:235,11,2,0
BRDA:270,12,0,0
BRDA:270,12,1,0
BRDA:279,13,0,0
BRDA:279,13,1,0
BRDA:279,13,2,0
BRDA:301,14,0,0
BRDA:301,14,1,0
BRF:32
BRH:0
end_of_record
TN:
SF:src/pages/Login.tsx
FN:10,Login
FN:17,(anonymous_2)
FN:19,(anonymous_3)
FN:74,(anonymous_4)
FN:114,(anonymous_5)
FN:124,(anonymous_6)
FN:135,(anonymous_7)
FNF:7
FNH:0
FNDA:0,Login
FNDA:0,(anonymous_2)
FNDA:0,(anonymous_3)
FNDA:0,(anonymous_4)
FNDA:0,(anonymous_5)
FNDA:0,(anonymous_6)
FNDA:0,(anonymous_7)
DA:1,0
DA:2,0
DA:3,0
DA:4,0
DA:5,0
DA:6,0
DA:7,0
DA:8,0
DA:10,0
DA:11,0
DA:12,0
DA:13,0
DA:14,0
DA:15,0
DA:16,0
DA:17,0
DA:19,0
DA:20,0
DA:21,0
DA:22,0
DA:24,0
DA:25,0
DA:27,0
DA:29,0
DA:30,0
DA:31,0
DA:32,0
DA:34,0
DA:35,0
DA:37,0
DA:43,0
DA:49,0
DA:52,0
DA:53,0
DA:54,0
DA:56,0
DA:57,0
DA:58,0
DA:60,0
DA:69,0
DA:70,0
DA:71,0
DA:72,0
DA:73,0
DA:74,0
DA:78,0
DA:80,0
DA:84,0
DA:114,0
DA:124,0
DA:135,0
LF:51
LH:0
BRDA:70,0,0,0
BRDA:70,0,1,0
BRDA:71,1,0,0
BRDA:71,1,1,0
BRDA:73,2,0,0
BRDA:73,2,1,0
BRDA:99,3,0,0
BRDA:99,3,1,0
BRDA:115,4,0,0
BRDA:115,4,1,0
BRDA:115,5,0,0
BRDA:115,5,1,0
BRDA:125,6,0,0
BRDA:125,6,1,0
BRDA:125,7,0,0
BRDA:125,7,1,0
BRF:16
BRH:0
end_of_record
TN:
SF:src/pages/Manufacturing.tsx
FN:68,Manufacturing
FN:82,(anonymous_11)
FN:90,(anonymous_12)
FN:94,(anonymous_13)
FN:99,(anonymous_14)
FN:106,(anonymous_15)
FN:110,(anonymous_16)
FN:116,(anonymous_17)
FN:123,(anonymous_18)
FN:126,(anonymous_19)
FN:132,(anonymous_20)
FN:139,(anonymous_21)
FN:143,(anonymous_22)
FN:149,(anonymous_23)
FN:154,(anonymous_24)
FN:158,(anonymous_25)
FN:163,(anonymous_26)
FN:169,(anonymous_27)
FN:174,(anonymous_28)
FN:180,(anonymous_29)
FN:185,(anonymous_30)
FN:212,(anonymous_31)
FN:225,(anonymous_32)
FN:254,(anonymous_33)
FN:281,(anonymous_34)
FN:292,(anonymous_35)
FN:302,(anonymous_36)
FN:311,(anonymous_37)
FN:335,(anonymous_38)
FN:447,(anonymous_39)
FN:462,(anonymous_40)
FN:471,(anonymous_41)
FN:484,(anonymous_42)
FN:497,(anonymous_43)
FNF:34
FNH:0
FNDA:0,Manufacturing
FNDA:0,(anonymous_11)
FNDA:0,(anonymous_12)
FNDA:0,(anonymous_13)
FNDA:0,(anonymous_14)
FNDA:0,(anonymous_15)
FNDA:0,(anonymous_16)
FNDA:0,(anonymous_17)
FNDA:0,(anonymous_18)
FNDA:0,(anonymous_19)
FNDA:0,(anonymous_20)
FNDA:0,(anonymous_21)
FNDA:0,(anonymous_22)
FNDA:0,(anonymous_23)
FNDA:0,(anonymous_24)
FNDA:0,(anonymous_25)
FNDA:0,(anonymous_26)
FNDA:0,(anonymous_27)
FNDA:0,(anonymous_28)
FNDA:0,(anonymous_29)
FNDA:0,(anonymous_30)
FNDA:0,(anonymous_31)
FNDA:0,(anonymous_32)
FNDA:0,(anonymous_33)
FNDA:0,(anonymous_34)
FNDA:0,(anonymous_35)
FNDA:0,(anonymous_36)
FNDA:0,(anonymous_37)
FNDA:0,(anonymous_38)
FNDA:0,(anonymous_39)
FNDA:0,(anonymous_40)
FNDA:0,(anonymous_41)
FNDA:0,(anonymous_42)
FNDA:0,(anonymous_43)
DA:1,0
DA:2,0
DA:3,0
DA:4,0
DA:5,0
DA:6,0
DA:7,0
DA:8,0
DA:62,0
DA:68,0
DA:69,0
DA:70,0
DA:71,0
DA:72,0
DA:73,0
DA:74,0
DA:75,0
DA:76,0
DA:78,0
DA:80,0
DA:83,0
DA:84,0
DA:89,0
DA:91,0
DA:92,0
DA:95,0
DA:96,0
DA:97,0
DA:100,0
DA:105,0
DA:107,0
DA:108,0
DA:111,0
DA:112,0
DA:113,0
DA:114,0
DA:117,0
DA:122,0
DA:124,0
DA:127,0
DA:128,0
DA:129,0
DA:130,0
DA:133,0
DA:138,0
DA:140,0
DA:141,0
DA:144,0
DA:145,0
DA:146,0
DA:147,0
DA:150,0
DA:154,0
DA:155,0
DA:158,0
DA:159,0
DA:160,0
DA:163,0
DA:164,0
DA:165,0
DA:169,0
DA:170,0
DA:171,0
DA:174,0
DA:175,0
DA:176,0
DA:180,0
DA:181,0
DA:182,0
DA:185,0
DA:186,0
DA:187,0
DA:191,0
DA:192,0
DA:202,0
DA:203,0
DA:212,0
DA:213,0
DA:214,0
DA:217,0
DA:225,0
DA:255,0
DA:281,0
DA:292,0
DA:302,0
DA:311,0
DA:335,0
DA:447,0
DA:462,0
DA:472,0
DA:473,0
DA:485,0
DA:486,0
DA:498,0
DA:499,0
LF:95
LH:0
BRDA:100,0,0,0
BRDA:100,0,1,0
BRDA:117,1,0,0
BRDA:117,1,1,0
BRDA:133,2,0,0
BRDA:133,2,1,0
BRDA:150,3,0,0
BRDA:150,3,1,0
BRDA:164,4,0,0
BRDA:164,4,1,0
BRDA:175,5,0,0
BRDA:175,5,1,0
BRDA:186,6,0,0
BRDA:186,6,1,0
BRDA:191,7,0,0
BRDA:191,7,1,0
BRDA:202,8,0,0
BRDA:202,8,1,0
BRDA:213,9,0,0
BRDA:213,9,1,0
BRDA:232,10,0,0
BRDA:232,10,1,0
BRDA:232,11,0,0
BRDA:232,11,1,0
BRDA:260,12,0,0
BRDA:260,12,1,0
BRDA:261,13,0,0
BRDA:261,13,1,0
BRDA:266,14,0,0
BRDA:266,14,1,0
BRDA:271,15,0,0
BRDA:271,15,1,0
BRDA:274,16,0,0
BRDA:274,16,1,0
BRDA:277,17,0,0
BRDA:277,17,1,0
BRDA:290,18,0,0
BRDA:290,18,1,0
BRDA:327,19,0,0
BRDA:327,19,1,0
BRDA:353,20,0,0
BRDA:353,20,1,0
BRDA:357,21,0,0
BRDA:357,21,1,0
BRDA:361,22,0,0
BRDA:361,22,1,0
BRDA:387,23,0,0
BRDA:387,23,1,0
BRDA:387,23,2,0
BRDA:393,24,0,0
BRDA:393,24,1,0
BRDA:397,25,0,0
BRDA:397,25,1,0
BRDA:404,26,0,0
BRDA:404,26,1,0
BRDA:404,26,2,0
BRDA:410,27,0,0
BRDA:410,27,1,0
BRDA:414,28,0,0
BRDA:414,28,1,0
BRDA:421,29,0,0
BRDA:421,29,1,0
BRDA:421,29,2,0
BRDA:427,30,0,0
BRDA:427,30,1,0
BRDA:431,31,0,0
BRDA:431,31,1,0
BRDA:437,32,0,0
BRDA:437,32,1,0
BRDA:501,33,0,0
BRDA:501,33,1,0
BRF:71
BRH:0
end_of_record
TN:
SF:src/pages/Orders.tsx
FN:48,(anonymous_1)
FN:58,(anonymous_2)
FN:67,(anonymous_3)
FN:72,(anonymous_4)
FN:112,(anonymous_5)
FN:120,(anonymous_6)
FN:127,(anonymous_7)
FN:135,(anonymous_8)
FN:138,(anonymous_9)
FN:151,(anonymous_10)
FN:163,(anonymous_11)
FN:179,Orders
FN:192,(anonymous_13)
FN:198,(anonymous_14)
FN:205,(anonymous_15)
FN:209,(anonymous_16)
FN:215,(anonymous_17)
FN:223,(anonymous_18)
FN:227,(anonymous_19)
FN:233,(anonymous_20)
FN:241,(anonymous_21)
FN:244,(anonymous_22)
FN:251,(anonymous_23)
FN:258,(anonymous_24)
FN:263,(anonymous_25)
FN:269,(anonymous_26)
FN:275,(anonymous_27)
FN:282,(anonymous_28)
FN:287,(anonymous_29)
FN:294,(anonymous_30)
FN:347,(anonymous_31)
FN:348,(anonymous_32)
FN:356,(anonymous_33)
FN:365,(anonymous_34)
FN:375,(anonymous_35)
FN:399,(anonymous_36)
FN:452,(anonymous_37)
FN:458,(anonymous_38)
FNF:38
FNH:0
FNDA:0,(anonymous_1)
FNDA:0,(anonymous_2)
FNDA:0,(anonymous_3)
FNDA:0,(anonymous_4)
FNDA:0,(anonymous_5)
FNDA:0,(anonymous_6)
FNDA:0,(anonymous_7)
FNDA:0,(anonymous_8)
FNDA:0,(anonymous_9)
FNDA:0,(anonymous_10)
FNDA:0,(anonymous_11)
FNDA:0,Orders
FNDA:0,(anonymous_13)
FNDA:0,(anonymous_14)
FNDA:0,(anonymous_15)
FNDA:0,(anonymous_16)
FNDA:0,(anonymous_17)
FNDA:0,(anonymous_18)
FNDA:0,(anonymous_19)
FNDA:0,(anonymous_20)
FNDA:0,(anonymous_21)
FNDA:0,(anonymous_22)
FNDA:0,(anonymous_23)
FNDA:0,(anonymous_24)
FNDA:0,(anonymous_25)
FNDA:0,(anonymous_26)
FNDA:0,(anonymous_27)
FNDA:0,(anonymous_28)
FNDA:0,(anonymous_29)
FNDA:0,(anonymous_30)
FNDA:0,(anonymous_31)
FNDA:0,(anonymous_32)
FNDA:0,(anonymous_33)
FNDA:0,(anonymous_34)
FNDA:0,(anonymous_35)
FNDA:0,(anonymous_36)
FNDA:0,(anonymous_37)
FNDA:0,(anonymous_38)
DA:1,0
DA:2,0
DA:3,0
DA:4,0
DA:5,0
DA:6,0
DA:7,0
DA:8,0
DA:9,0
DA:10,0
DA:11,0
DA:12,0
DA:13,0
DA:14,0
DA:48,0
DA:52,0
DA:59,0
DA:68,0
DA:73,0
DA:74,0
DA:112,0
DA:120,0
DA:127,0
DA:136,0
DA:139,0
DA:140,0
DA:152,0
DA:153,0
DA:164,0
DA:165,0
DA:179,0
DA:180,0
DA:181,0
DA:182,0
DA:183,0
DA:184,0
DA:185,0
DA:186,0
DA:188,0
DA:189,0
DA:192,0
DA:193,0
DA:196,0
DA:199,0
DA:200,0
DA:204,0
DA:206,0
DA:207,0
DA:210,0
DA:211,0
DA:212,0
DA:213,0
DA:216,0
DA:217,0
DA:218,0
DA:222,0
DA:224,0
DA:225,0
DA:228,0
DA:229,0
DA:230,0
DA:231,0
DA:234,0
DA:235,0
DA:236,0
DA:240,0
DA:242,0
DA:245,0
DA:246,0
DA:247,0
DA:248,0
DA:249,0
DA:252,0
DA:253,0
DA:254,0
DA:258,0
DA:259,0
DA:260,0
DA:263,0
DA:264,0
DA:265,0
DA:266,0
DA:269,0
DA:270,0
DA:271,0
DA:272,0
DA:275,0
DA:276,0
DA:277,0
DA:278,0
DA:282,0
DA:283,0
DA:284,0
DA:287,0
DA:288,0
DA:289,0
DA:290,0
DA:294,0
DA:295,0
DA:296,0
DA:300,0
DA:302,0
DA:303,0
DA:315,0
DA:316,0
DA:327,0
DA:347,0
DA:348,0
DA:356,0
DA:365,0
DA:375,0
DA:399,0
DA:452,0
DA:459,0
DA:460,0
LF:115
LH:0
BRDA:70,0,0,0
BRDA:70,0,1,0
BRDA:70,1,0,0
BRDA:70,1,1,0
BRDA:84,2,0,0
BRDA:84,2,1,0
BRDA:112,3,0,0
BRDA:112,3,1,0
BRDA:127,4,0,0
BRDA:127,4,1,0
BRDA:216,5,0,0
BRDA:216,5,1,0
BRDA:216,5,2,0
BRDA:234,6,0,0
BRDA:234,6,1,0
BRDA:234,6,2,0
BRDA:252,7,0,0
BRDA:252,7,1,0
BRDA:252,7,2,0
BRDA:276,8,0,0
BRDA:276,8,1,0
BRDA:288,9,0,0
BRDA:288,9,1,0
BRDA:302,10,0,0
BRDA:302,10,1,0
BRDA:315,11,0,0
BRDA:315,11,1,0
BRDA:342,12,0,0
BRDA:342,12,1,0
BRDA:359,13,0,0
BRDA:359,13,1,0
BRDA:366,14,0,0
BRDA:366,14,1,0
BRDA:379,15,0,0
BRDA:379,15,1,0
BRDA:397,16,0,0
BRDA:397,16,1,0
BRDA:397,17,0,0
BRDA:397,17,1,0
BRDA:407,18,0,0
BRDA:407,18,1,0
BRDA:421,19,0,0
BRDA:421,19,1,0
BRDA:423,20,0,0
BRDA:423,20,1,0
BRDA:429,21,0,0
BRDA:429,21,1,0
BRF:47
BRH:0
end_of_record
TN:
SF:src/pages/Roles.tsx
FN:30,Roles
FN:48,(anonymous_2)
FN:56,(anonymous_3)
FN:64,(anonymous_4)
FN:68,(anonymous_5)
FN:73,(anonymous_6)
FN:81,(anonymous_7)
FN:85,(anonymous_8)
FN:91,(anonymous_9)
FN:99,(anonymous_10)
FN:103,(anonymous_11)
FN:110,(anonymous_12)
FN:117,(anonymous_13)
FN:121,(anonymous_14)
FN:126,(anonymous_15)
FN:139,(anonymous_16)
FN:144,(anonymous_17)
FN:161,(anonymous_18)
FN:184,(anonymous_19)
FN:201,(anonymous_20)
FN:207,(anonymous_21)
FN:266,(anonymous_22)
FN:272,(anonymous_23)
FN:287,(anonymous_24)
FN:294,(anonymous_25)
FN:300,(anonymous_26)
FN:368,(anonymous_27)
FN:374,(anonymous_28)
FN:396,(anonymous_29)
FN:405,(anonymous_30)
FN:418,(anonymous_31)
FNF:31
FNH:0
FNDA:0,Roles
FNDA:0,(anonymous_2)
FNDA:0,(anonymous_3)
FNDA:0,(anonymous_4)
FNDA:0,(anonymous_5)
FNDA:0,(anonymous_6)
FNDA:0,(anonymous_7)
FNDA:0,(anonymous_8)
FNDA:0,(anonymous_9)
FNDA:0,(anonymous_10)
FNDA:0,(anonymous_11)
FNDA:0,(anonymous_12)
FNDA:0,(anonymous_13)
FNDA:0,(anonymous_14)
FNDA:0,(anonymous_15)
FNDA:0,(anonymous_16)
FNDA:0,(anonymous_17)
FNDA:0,(anonymous_18)
FNDA:0,(anonymous_19)
FNDA:0,(anonymous_20)
FNDA:0,(anonymous_21)
FNDA:0,(anonymous_22)
FNDA:0,(anonymous_23)
FNDA:0,(anonymous_24)
FNDA:0,(anonymous_25)
FNDA:0,(anonymous_26)
FNDA:0,(anonymous_27)
FNDA:0,(anonymous_28)
FNDA:0,(anonymous_29)
FNDA:0,(anonymous_30)
FNDA:0,(anonymous_31)
DA:1,0
DA:2,0
DA:3,0
DA:4,0
DA:5,0
DA:6,0
DA:7,0
DA:8,0
DA:9,0
DA:10,0
DA:30,0
DA:31,0
DA:32,0
DA:33,0
DA:34,0
DA:35,0
DA:36,0
DA:38,0
DA:39,0
DA:40,0
DA:43,0
DA:44,0
DA:46,0
DA:49,0
DA:50,0
DA:54,0
DA:57,0
DA:58,0
DA:63,0
DA:65,0
DA:66,0
DA:69,0
DA:70,0
DA:71,0
DA:74,0
DA:75,0
DA:80,0
DA:82,0
DA:83,0
DA:86,0
DA:87,0
DA:88,0
DA:89,0
DA:92,0
DA:93,0
DA:98,0
DA:100,0
DA:101,0
DA:104,0
DA:105,0
DA:106,0
DA:107,0
DA:108,0
DA:111,0
DA:112,0
DA:117,0
DA:118,0
DA:121,0
DA:122,0
DA:123,0
DA:126,0
DA:127,0
DA:128,0
DA:139,0
DA:140,0
DA:141,0
DA:144,0
DA:145,0
DA:146,0
DA:150,0
DA:151,0
DA:161,0
DA:162,0
DA:163,0
DA:165,0
DA:166,0
DA:169,0
DA:184,0
DA:202,0
DA:207,0
DA:266,0
DA:272,0
DA:288,0
DA:289,0
DA:291,0
DA:292,0
DA:295,0
DA:301,0
DA:369,0
DA:375,0
DA:396,0
DA:406,0
DA:407,0
DA:419,0
DA:420,0
LF:95
LH:0
BRDA:74,0,0,0
BRDA:74,0,1,0
BRDA:92,1,0,0
BRDA:92,1,1,0
BRDA:111,2,0,0
BRDA:111,2,1,0
BRDA:127,3,0,0
BRDA:127,3,1,0
BRDA:145,4,0,0
BRDA:145,4,1,0
BRDA:150,5,0,0
BRDA:150,5,1,0
BRDA:162,6,0,0
BRDA:162,6,1,0
BRDA:182,7,0,0
BRDA:182,7,1,0
BRDA:197,8,0,0
BRDA:197,8,1,0
BRDA:205,9,0,0
BRDA:205,9,1,0
BRDA:215,10,0,0
BRDA:215,10,1,0
BRDA:251,11,0,0
BRDA:251,11,1,0
BRDA:263,12,0,0
BRDA:263,12,1,0
BRDA:263,12,2,0
BRDA:288,13,0,0
BRDA:288,13,1,0
BRDA:367,14,0,0
BRDA:367,14,1,0
BRDA:398,15,0,0
BRDA:398,15,1,0
BRDA:411,16,0,0
BRDA:411,16,1,0
BRDA:422,17,0,0
BRDA:422,17,1,0
BRF:37
BRH:0
end_of_record
TN:
SF:src/pages/Shipments.tsx
FN:34,Shipments
FN:46,(anonymous_2)
FN:53,(anonymous_3)
FN:57,(anonymous_4)
FN:63,(anonymous_5)
FN:71,(anonymous_6)
FN:75,(anonymous_7)
FN:81,(anonymous_8)
FN:89,(anonymous_9)
FN:92,(anonymous_10)
FN:99,(anonymous_11)
FN:106,(anonymous_12)
FN:113,(anonymous_13)
FN:119,(anonymous_14)
FN:126,(anonymous_15)
FN:131,(anonymous_16)
FN:167,(anonymous_17)
FN:187,(anonymous_18)
FN:223,(anonymous_19)
FN:232,(anonymous_20)
FN:250,(anonymous_21)
FN:259,(anonymous_22)
FNF:22
FNH:0
FNDA:0,Shipments
FNDA:0,(anonymous_2)
FNDA:0,(anonymous_3)
FNDA:0,(anonymous_4)
FNDA:0,(anonymous_5)
FNDA:0,(anonymous_6)
FNDA:0,(anonymous_7)
FNDA:0,(anonymous_8)
FNDA:0,(anonymous_9)
FNDA:0,(anonymous_10)
FNDA:0,(anonymous_11)
FNDA:0,(anonymous_12)
FNDA:0,(anonymous_13)
FNDA:0,(anonymous_14)
FNDA:0,(anonymous_15)
FNDA:0,(anonymous_16)
FNDA:0,(anonymous_17)
FNDA:0,(anonymous_18)
FNDA:0,(anonymous_19)
FNDA:0,(anonymous_20)
FNDA:0,(anonymous_21)
FNDA:0,(anonymous_22)
DA:1,0
DA:2,0
DA:3,0
DA:4,0
DA:5,0
DA:6,0
DA:7,0
DA:8,0
DA:9,0
DA:26,0
DA:34,0
DA:35,0
DA:36,0
DA:37,0
DA:38,0
DA:39,0
DA:40,0
DA:42,0
DA:44,0
DA:47,0
DA:48,0
DA:52,0
DA:54,0
DA:55,0
DA:58,0
DA:59,0
DA:60,0
DA:61,0
DA:64,0
DA:65,0
DA:66,0
DA:70,0
DA:72,0
DA:73,0
DA:76,0
DA:77,0
DA:78,0
DA:79,0
DA:82,0
DA:83,0
DA:84,0
DA:88,0
DA:90,0
DA:93,0
DA:94,0
DA:95,0
DA:96,0
DA:97,0
DA:100,0
DA:101,0
DA:102,0
DA:106,0
DA:107,0
DA:108,0
DA:113,0
DA:114,0
DA:115,0
DA:116,0
DA:119,0
DA:120,0
DA:121,0
DA:122,0
DA:126,0
DA:127,0
DA:128,0
DA:131,0
DA:132,0
DA:133,0
DA:134,0
DA:138,0
DA:139,0
DA:149,0
DA:150,0
DA:159,0
DA:168,0
DA:169,0
DA:170,0
DA:188,0
DA:223,0
DA:232,0
DA:250,0
DA:259,0
LF:82
LH:0
BRDA:64,0,0,0
BRDA:64,0,1,0
BRDA:64,0,2,0
BRDA:82,1,0,0
BRDA:82,1,1,0
BRDA:82,1,2,0
BRDA:100,2,0,0
BRDA:100,2,1,0
BRDA:100,2,2,0
BRDA:120,3,0,0
BRDA:120,3,1,0
BRDA:132,4,0,0
BRDA:132,4,1,0
BRDA:138,5,0,0
BRDA:138,5,1,0
BRDA:149,6,0,0
BRDA:149,6,1,0
BRDA:178,7,0,0
BRDA:178,7,1,0
BRDA:178,8,0,0
BRDA:178,8,1,0
BRDA:193,9,0,0
BRDA:193,9,1,0
BRDA:196,10,0,0
BRDA:196,10,1,0
BRDA:204,11,0,0
BRDA:204,11,1,0
BRDA:211,12,0,0
BRDA:211,12,1,0
BRDA:215,13,0,0
BRDA:215,13,1,0
BRDA:253,14,0,0
BRDA:253,14,1,0
BRDA:261,15,0,0
BRDA:261,15,1,0
BRF:35
BRH:0
end_of_record
TN:
SF:src/pages/Supplies.tsx
FN:26,(anonymous_1)
FN:35,(anonymous_2)
FN:44,(anonymous_3)
FN:50,(anonymous_4)
FN:62,(anonymous_5)
FN:70,(anonymous_6)
FN:78,(anonymous_7)
FN:81,(anonymous_8)
FN:91,(anonymous_9)
FN:105,Supplies
FN:116,(anonymous_11)
FN:124,(anonymous_12)
FN:136,(anonymous_13)
FN:141,(anonymous_14)
FN:147,(anonymous_15)
FN:161,(anonymous_16)
FN:176,(anonymous_17)
FN:182,(anonymous_18)
FN:188,(anonymous_19)
FN:193,(anonymous_20)
FN:212,(anonymous_21)
FN:216,(anonymous_22)
FN:222,(anonymous_23)
FN:228,(anonymous_24)
FN:233,(anonymous_25)
FN:274,(anonymous_26)
FN:295,(anonymous_27)
FN:303,(anonymous_28)
FN:315,(anonymous_29)
FNF:29
FNH:0
FNDA:0,(anonymous_1)
FNDA:0,(anonymous_2)
FNDA:0,(anonymous_3)
FNDA:0,(anonymous_4)
FNDA:0,(anonymous_5)
FNDA:0,(anonymous_6)
FNDA:0,(anonymous_7)
FNDA:0,(anonymous_8)
FNDA:0,(anonymous_9)
FNDA:0,Supplies
FNDA:0,(anonymous_11)
FNDA:0,(anonymous_12)
FNDA:0,(anonymous_13)
FNDA:0,(anonymous_14)
FNDA:0,(anonymous_15)
FNDA:0,(anonymous_16)
FNDA:0,(anonymous_17)
FNDA:0,(anonymous_18)
FNDA:0,(anonymous_19)
FNDA:0,(anonymous_20)
FNDA:0,(anonymous_21)
FNDA:0,(anonymous_22)
FNDA:0,(anonymous_23)
FNDA:0,(anonymous_24)
FNDA:0,(anonymous_25)
FNDA:0,(anonymous_26)
FNDA:0,(anonymous_27)
FNDA:0,(anonymous_28)
FNDA:0,(anonymous_29)
DA:1,0
DA:2,0
DA:3,0
DA:4,0
DA:5,0
DA:6,0
DA:7,0
DA:8,0
DA:9,0
DA:10,0
DA:11,0
DA:12,0
DA:26,0
DA:29,0
DA:36,0
DA:44,0
DA:51,0
DA:62,0
DA:70,0
DA:79,0
DA:82,0
DA:83,0
DA:92,0
DA:93,0
DA:105,0
DA:106,0
DA:107,0
DA:108,0
DA:109,0
DA:110,0
DA:112,0
DA:114,0
DA:117,0
DA:118,0
DA:123,0
DA:133,0
DA:134,0
DA:137,0
DA:138,0
DA:139,0
DA:142,0
DA:143,0
DA:147,0
DA:156,0
DA:160,0
DA:173,0
DA:174,0
DA:177,0
DA:178,0
DA:179,0
DA:180,0
DA:183,0
DA:184,0
DA:188,0
DA:189,0
DA:190,0
DA:193,0
DA:202,0
DA:203,0
DA:211,0
DA:213,0
DA:214,0
DA:217,0
DA:218,0
DA:219,0
DA:220,0
DA:223,0
DA:224,0
DA:228,0
DA:229,0
DA:230,0
DA:233,0
DA:234,0
DA:235,0
DA:240,0
DA:242,0
DA:243,0
DA:255,0
DA:256,0
DA:267,0
DA:274,0
DA:295,0
DA:304,0
DA:305,0
DA:316,0
DA:317,0
LF:86
LH:0
BRDA:51,0,0,0
BRDA:51,0,1,0
BRDA:62,1,0,0
BRDA:62,1,1,0
BRDA:70,2,0,0
BRDA:70,2,1,0
BRDA:142,3,0,0
BRDA:142,3,1,0
BRDA:183,4,0,0
BRDA:183,4,1,0
BRDA:202,5,0,0
BRDA:202,5,1,0
BRDA:223,6,0,0
BRDA:223,6,1,0
BRDA:234,7,0,0
BRDA:234,7,1,0
BRDA:242,8,0,0
BRDA:242,8,1,0
BRDA:255,9,0,0
BRDA:255,9,1,0
BRDA:284,10,0,0
BRDA:284,10,1,0
BRDA:319,11,0,0
BRDA:319,11,1,0
BRF:24
BRH:0
end_of_record
TN:
SF:src/store/authStore.ts
FN:22,(anonymous_0)
FN:26,(anonymous_1)
FN:27,(anonymous_2)
FNF:3
FNH:0
FNDA:0,(anonymous_0)
FNDA:0,(anonymous_1)
FNDA:0,(anonymous_2)
DA:1,0
DA:2,0
DA:20,0
DA:22,0
DA:26,0
DA:27,0
LF:6
LH:0
BRF:0
BRH:0
end_of_record
